2021-02-18 02:43:03 Error: [Cake\Routing\Exception\MissingControllerException] Controller class ProyectoCake could not be found. (C:\xampp\htdocs\ProyectoCake\vendor\cakephp\cakephp\src\Http\ControllerFactory.php:105)
Exception Attributes: array (
  'class' => 'ProyectoCake',
  'plugin' => false,
  'prefix' => false,
  '_ext' => false,
)
#0 C:\xampp\htdocs\ProyectoCake\vendor\cakephp\cakephp\src\Http\ControllerFactory.php(39): Cake\Http\ControllerFactory->missingController(Object(Cake\Http\ServerRequest))
#1 C:\xampp\htdocs\ProyectoCake\vendor\cakephp\cakephp\src\Http\ActionDispatcher.php(91): Cake\Http\ControllerFactory->create(Object(Cake\Http\ServerRequest), Object(Cake\Http\Response))
#2 C:\xampp\htdocs\ProyectoCake\vendor\cakephp\cakephp\src\Http\BaseApplication.php(234): Cake\Http\ActionDispatcher->dispatch(Object(Cake\Http\ServerRequest), Object(Cake\Http\Response))
#3 C:\xampp\htdocs\ProyectoCake\vendor\cakephp\cakephp\src\Http\Runner.php(65): Cake\Http\BaseApplication->__invoke(Object(Cake\Http\ServerRequest), Object(Cake\Http\Response), Object(Cake\Http\Runner))
#4 C:\xampp\htdocs\ProyectoCake\vendor\cakephp\cakephp\src\Http\Runner.php(65): Cake\Http\Runner->__invoke(Object(Cake\Http\ServerRequest), Object(Cake\Http\Response), Object(Cake\Http\Runner))
#5 C:\xampp\htdocs\ProyectoCake\vendor\cakephp\cakephp\src\Http\Middleware\CsrfProtectionMiddleware.php(120): Cake\Http\Runner->__invoke(Object(Cake\Http\ServerRequest), Object(Cake\Http\Response))
#6 C:\xampp\htdocs\ProyectoCake\vendor\cakephp\cakephp\src\Http\Runner.php(65): Cake\Http\Middleware\CsrfProtectionMiddleware->__invoke(Object(Cake\Http\ServerRequest), Object(Cake\Http\Response), Object(Cake\Http\Runner))
#7 C:\xampp\htdocs\ProyectoCake\vendor\cakephp\cakephp\src\Http\Runner.php(51): Cake\Http\Runner->__invoke(Object(Cake\Http\ServerRequest), Object(Cake\Http\Response))
#8 C:\xampp\htdocs\ProyectoCake\vendor\cakephp\cakephp\src\Routing\Middleware\RoutingMiddleware.php(170): Cake\Http\Runner->run(Object(Cake\Http\MiddlewareQueue), Object(Cake\Http\ServerRequest), Object(Cake\Http\Response))
#9 C:\xampp\htdocs\ProyectoCake\vendor\cakephp\cakephp\src\Http\Runner.php(65): Cake\Routing\Middleware\RoutingMiddleware->__invoke(Object(Cake\Http\ServerRequest), Object(Cake\Http\Response), Object(Cake\Http\Runner))
#10 C:\xampp\htdocs\ProyectoCake\vendor\cakephp\cakephp\src\Routing\Middleware\AssetMiddleware.php(88): Cake\Http\Runner->__invoke(Object(Cake\Http\ServerRequest), Object(Cake\Http\Response))
#11 C:\xampp\htdocs\ProyectoCake\vendor\cakephp\cakephp\src\Http\Runner.php(65): Cake\Routing\Middleware\AssetMiddleware->__invoke(Object(Cake\Http\ServerRequest), Object(Cake\Http\Response), Object(Cake\Http\Runner))
#12 C:\xampp\htdocs\ProyectoCake\vendor\cakephp\cakephp\src\Error\Middleware\ErrorHandlerMiddleware.php(96): Cake\Http\Runner->__invoke(Object(Cake\Http\ServerRequest), Object(Cake\Http\Response))
#13 C:\xampp\htdocs\ProyectoCake\vendor\cakephp\cakephp\src\Http\Runner.php(65): Cake\Error\Middleware\ErrorHandlerMiddleware->__invoke(Object(Cake\Http\ServerRequest), Object(Cake\Http\Response), Object(Cake\Http\Runner))
#14 C:\xampp\htdocs\ProyectoCake\vendor\cakephp\debug_kit\src\Middleware\DebugKitMiddleware.php(53): Cake\Http\Runner->__invoke(Object(Cake\Http\ServerRequest), Object(Cake\Http\Response))
#15 C:\xampp\htdocs\ProyectoCake\vendor\cakephp\cakephp\src\Http\Runner.php(65): DebugKit\Middleware\DebugKitMiddleware->__invoke(Object(Cake\Http\ServerRequest), Object(Cake\Http\Response), Object(Cake\Http\Runner))
#16 C:\xampp\htdocs\ProyectoCake\vendor\cakephp\cakephp\src\Http\Runner.php(51): Cake\Http\Runner->__invoke(Object(Cake\Http\ServerRequest), Object(Cake\Http\Response))
#17 C:\xampp\htdocs\ProyectoCake\vendor\cakephp\cakephp\src\Http\Server.php(97): Cake\Http\Runner->run(Object(Cake\Http\MiddlewareQueue), Object(Cake\Http\ServerRequest), Object(Cake\Http\Response))
#18 C:\xampp\htdocs\ProyectoCake\webroot\index.php(40): Cake\Http\Server->run()
#19 {main}
Request URL: /proyectoCake/


2021-02-19 19:17:11 Error: [Cake\Datasource\Exception\InvalidPrimaryKeyException] Record not found in table "employees" with primary key [NULL] (C:\xampp\htdocs\ProyectoCake\vendor\cakephp\cakephp\src\ORM\Table.php:1598)
#0 C:\xampp\htdocs\ProyectoCake\src\Controller\EmployeesController.php(37): Cake\ORM\Table->get(Array, Array)
#1 C:\xampp\htdocs\ProyectoCake\vendor\cakephp\cakephp\src\Controller\Controller.php(609): App\Controller\EmployeesController->view()
#2 C:\xampp\htdocs\ProyectoCake\vendor\cakephp\cakephp\src\Http\ActionDispatcher.php(120): Cake\Controller\Controller->invokeAction()
#3 C:\xampp\htdocs\ProyectoCake\vendor\cakephp\cakephp\src\Http\ActionDispatcher.php(94): Cake\Http\ActionDispatcher->_invoke(Object(App\Controller\EmployeesController))
#4 C:\xampp\htdocs\ProyectoCake\vendor\cakephp\cakephp\src\Http\BaseApplication.php(234): Cake\Http\ActionDispatcher->dispatch(Object(Cake\Http\ServerRequest), Object(Cake\Http\Response))
#5 C:\xampp\htdocs\ProyectoCake\vendor\cakephp\cakephp\src\Http\Runner.php(65): Cake\Http\BaseApplication->__invoke(Object(Cake\Http\ServerRequest), Object(Cake\Http\Response), Object(Cake\Http\Runner))
#6 C:\xampp\htdocs\ProyectoCake\vendor\cakephp\cakephp\src\Http\Runner.php(65): Cake\Http\Runner->__invoke(Object(Cake\Http\ServerRequest), Object(Cake\Http\Response), Object(Cake\Http\Runner))
#7 C:\xampp\htdocs\ProyectoCake\vendor\cakephp\cakephp\src\Http\Middleware\CsrfProtectionMiddleware.php(124): Cake\Http\Runner->__invoke(Object(Cake\Http\ServerRequest), Object(Cake\Http\Response))
#8 C:\xampp\htdocs\ProyectoCake\vendor\cakephp\cakephp\src\Http\Runner.php(65): Cake\Http\Middleware\CsrfProtectionMiddleware->__invoke(Object(Cake\Http\ServerRequest), Object(Cake\Http\Response), Object(Cake\Http\Runner))
#9 C:\xampp\htdocs\ProyectoCake\vendor\cakephp\cakephp\src\Http\Runner.php(51): Cake\Http\Runner->__invoke(Object(Cake\Http\ServerRequest), Object(Cake\Http\Response))
#10 C:\xampp\htdocs\ProyectoCake\vendor\cakephp\cakephp\src\Routing\Middleware\RoutingMiddleware.php(170): Cake\Http\Runner->run(Object(Cake\Http\MiddlewareQueue), Object(Cake\Http\ServerRequest), Object(Cake\Http\Response))
#11 C:\xampp\htdocs\ProyectoCake\vendor\cakephp\cakephp\src\Http\Runner.php(65): Cake\Routing\Middleware\RoutingMiddleware->__invoke(Object(Cake\Http\ServerRequest), Object(Cake\Http\Response), Object(Cake\Http\Runner))
#12 C:\xampp\htdocs\ProyectoCake\vendor\cakephp\cakephp\src\Routing\Middleware\AssetMiddleware.php(88): Cake\Http\Runner->__invoke(Object(Cake\Http\ServerRequest), Object(Cake\Http\Response))
#13 C:\xampp\htdocs\ProyectoCake\vendor\cakephp\cakephp\src\Http\Runner.php(65): Cake\Routing\Middleware\AssetMiddleware->__invoke(Object(Cake\Http\ServerRequest), Object(Cake\Http\Response), Object(Cake\Http\Runner))
#14 C:\xampp\htdocs\ProyectoCake\vendor\cakephp\cakephp\src\Error\Middleware\ErrorHandlerMiddleware.php(96): Cake\Http\Runner->__invoke(Object(Cake\Http\ServerRequest), Object(Cake\Http\Response))
#15 C:\xampp\htdocs\ProyectoCake\vendor\cakephp\cakephp\src\Http\Runner.php(65): Cake\Error\Middleware\ErrorHandlerMiddleware->__invoke(Object(Cake\Http\ServerRequest), Object(Cake\Http\Response), Object(Cake\Http\Runner))
#16 C:\xampp\htdocs\ProyectoCake\vendor\cakephp\debug_kit\src\Middleware\DebugKitMiddleware.php(53): Cake\Http\Runner->__invoke(Object(Cake\Http\ServerRequest), Object(Cake\Http\Response))
#17 C:\xampp\htdocs\ProyectoCake\vendor\cakephp\cakephp\src\Http\Runner.php(65): DebugKit\Middleware\DebugKitMiddleware->__invoke(Object(Cake\Http\ServerRequest), Object(Cake\Http\Response), Object(Cake\Http\Runner))
#18 C:\xampp\htdocs\ProyectoCake\vendor\cakephp\cakephp\src\Http\Runner.php(51): Cake\Http\Runner->__invoke(Object(Cake\Http\ServerRequest), Object(Cake\Http\Response))
#19 C:\xampp\htdocs\ProyectoCake\vendor\cakephp\cakephp\src\Http\Server.php(97): Cake\Http\Runner->run(Object(Cake\Http\MiddlewareQueue), Object(Cake\Http\ServerRequest), Object(Cake\Http\Response))
#20 C:\xampp\htdocs\ProyectoCake\webroot\index.php(40): Cake\Http\Server->run()
#21 {main}
Request URL: /employees/view


2021-02-19 19:17:59 Error: [Cake\Datasource\Exception\RecordNotFoundException] Record not found in table "employees" (C:\xampp\htdocs\ProyectoCake\vendor\cakephp\cakephp\src\Datasource\QueryTrait.php:487)
#0 C:\xampp\htdocs\ProyectoCake\vendor\cakephp\cakephp\src\ORM\Table.php(1625): Cake\ORM\Query->firstOrFail()
#1 C:\xampp\htdocs\ProyectoCake\src\Controller\EmployeesController.php(37): Cake\ORM\Table->get(Array, Array)
#2 C:\xampp\htdocs\ProyectoCake\vendor\cakephp\cakephp\src\Controller\Controller.php(609): App\Controller\EmployeesController->view('1001')
#3 C:\xampp\htdocs\ProyectoCake\vendor\cakephp\cakephp\src\Http\ActionDispatcher.php(120): Cake\Controller\Controller->invokeAction()
#4 C:\xampp\htdocs\ProyectoCake\vendor\cakephp\cakephp\src\Http\ActionDispatcher.php(94): Cake\Http\ActionDispatcher->_invoke(Object(App\Controller\EmployeesController))
#5 C:\xampp\htdocs\ProyectoCake\vendor\cakephp\cakephp\src\Http\BaseApplication.php(234): Cake\Http\ActionDispatcher->dispatch(Object(Cake\Http\ServerRequest), Object(Cake\Http\Response))
#6 C:\xampp\htdocs\ProyectoCake\vendor\cakephp\cakephp\src\Http\Runner.php(65): Cake\Http\BaseApplication->__invoke(Object(Cake\Http\ServerRequest), Object(Cake\Http\Response), Object(Cake\Http\Runner))
#7 C:\xampp\htdocs\ProyectoCake\vendor\cakephp\cakephp\src\Http\Runner.php(65): Cake\Http\Runner->__invoke(Object(Cake\Http\ServerRequest), Object(Cake\Http\Response), Object(Cake\Http\Runner))
#8 C:\xampp\htdocs\ProyectoCake\vendor\cakephp\cakephp\src\Http\Middleware\CsrfProtectionMiddleware.php(124): Cake\Http\Runner->__invoke(Object(Cake\Http\ServerRequest), Object(Cake\Http\Response))
#9 C:\xampp\htdocs\ProyectoCake\vendor\cakephp\cakephp\src\Http\Runner.php(65): Cake\Http\Middleware\CsrfProtectionMiddleware->__invoke(Object(Cake\Http\ServerRequest), Object(Cake\Http\Response), Object(Cake\Http\Runner))
#10 C:\xampp\htdocs\ProyectoCake\vendor\cakephp\cakephp\src\Http\Runner.php(51): Cake\Http\Runner->__invoke(Object(Cake\Http\ServerRequest), Object(Cake\Http\Response))
#11 C:\xampp\htdocs\ProyectoCake\vendor\cakephp\cakephp\src\Routing\Middleware\RoutingMiddleware.php(170): Cake\Http\Runner->run(Object(Cake\Http\MiddlewareQueue), Object(Cake\Http\ServerRequest), Object(Cake\Http\Response))
#12 C:\xampp\htdocs\ProyectoCake\vendor\cakephp\cakephp\src\Http\Runner.php(65): Cake\Routing\Middleware\RoutingMiddleware->__invoke(Object(Cake\Http\ServerRequest), Object(Cake\Http\Response), Object(Cake\Http\Runner))
#13 C:\xampp\htdocs\ProyectoCake\vendor\cakephp\cakephp\src\Routing\Middleware\AssetMiddleware.php(88): Cake\Http\Runner->__invoke(Object(Cake\Http\ServerRequest), Object(Cake\Http\Response))
#14 C:\xampp\htdocs\ProyectoCake\vendor\cakephp\cakephp\src\Http\Runner.php(65): Cake\Routing\Middleware\AssetMiddleware->__invoke(Object(Cake\Http\ServerRequest), Object(Cake\Http\Response), Object(Cake\Http\Runner))
#15 C:\xampp\htdocs\ProyectoCake\vendor\cakephp\cakephp\src\Error\Middleware\ErrorHandlerMiddleware.php(96): Cake\Http\Runner->__invoke(Object(Cake\Http\ServerRequest), Object(Cake\Http\Response))
#16 C:\xampp\htdocs\ProyectoCake\vendor\cakephp\cakephp\src\Http\Runner.php(65): Cake\Error\Middleware\ErrorHandlerMiddleware->__invoke(Object(Cake\Http\ServerRequest), Object(Cake\Http\Response), Object(Cake\Http\Runner))
#17 C:\xampp\htdocs\ProyectoCake\vendor\cakephp\debug_kit\src\Middleware\DebugKitMiddleware.php(53): Cake\Http\Runner->__invoke(Object(Cake\Http\ServerRequest), Object(Cake\Http\Response))
#18 C:\xampp\htdocs\ProyectoCake\vendor\cakephp\cakephp\src\Http\Runner.php(65): DebugKit\Middleware\DebugKitMiddleware->__invoke(Object(Cake\Http\ServerRequest), Object(Cake\Http\Response), Object(Cake\Http\Runner))
#19 C:\xampp\htdocs\ProyectoCake\vendor\cakephp\cakephp\src\Http\Runner.php(51): Cake\Http\Runner->__invoke(Object(Cake\Http\ServerRequest), Object(Cake\Http\Response))
#20 C:\xampp\htdocs\ProyectoCake\vendor\cakephp\cakephp\src\Http\Server.php(97): Cake\Http\Runner->run(Object(Cake\Http\MiddlewareQueue), Object(Cake\Http\ServerRequest), Object(Cake\Http\Response))
#21 C:\xampp\htdocs\ProyectoCake\webroot\index.php(40): Cake\Http\Server->run()
#22 {main}
Request URL: /employees/view/1001


2021-02-20 01:29:16 Error: [Cake\View\Exception\MissingElementException] Element file "Element\Paginador.ctp" is missing. (C:\xampp\htdocs\ProyectoCake\vendor\cakephp\cakephp\src\View\View.php:789)
Exception Attributes: array (
  0 => 'Element\\Paginador.ctp',
)
#0 C:\xampp\htdocs\ProyectoCake\src\Template\Titles\index.ctp(41): Cake\View\View->element('Paginador')
#1 C:\xampp\htdocs\ProyectoCake\vendor\cakephp\cakephp\src\View\View.php(1420): include('C:\\xampp\\htdocs...')
#2 C:\xampp\htdocs\ProyectoCake\vendor\cakephp\cakephp\src\View\View.php(1381): Cake\View\View->_evaluate('C:\\xampp\\htdocs...', Array)
#3 C:\xampp\htdocs\ProyectoCake\vendor\cakephp\cakephp\src\View\View.php(879): Cake\View\View->_render('C:\\xampp\\htdocs...')
#4 C:\xampp\htdocs\ProyectoCake\vendor\cakephp\cakephp\src\Controller\Controller.php(795): Cake\View\View->render(NULL, NULL)
#5 C:\xampp\htdocs\ProyectoCake\vendor\cakephp\cakephp\src\Http\ActionDispatcher.php(126): Cake\Controller\Controller->render()
#6 C:\xampp\htdocs\ProyectoCake\vendor\cakephp\cakephp\src\Http\ActionDispatcher.php(94): Cake\Http\ActionDispatcher->_invoke(Object(App\Controller\TitlesController))
#7 C:\xampp\htdocs\ProyectoCake\vendor\cakephp\cakephp\src\Http\BaseApplication.php(234): Cake\Http\ActionDispatcher->dispatch(Object(Cake\Http\ServerRequest), Object(Cake\Http\Response))
#8 C:\xampp\htdocs\ProyectoCake\vendor\cakephp\cakephp\src\Http\Runner.php(65): Cake\Http\BaseApplication->__invoke(Object(Cake\Http\ServerRequest), Object(Cake\Http\Response), Object(Cake\Http\Runner))
#9 C:\xampp\htdocs\ProyectoCake\vendor\cakephp\cakephp\src\Http\Runner.php(65): Cake\Http\Runner->__invoke(Object(Cake\Http\ServerRequest), Object(Cake\Http\Response), Object(Cake\Http\Runner))
#10 C:\xampp\htdocs\ProyectoCake\vendor\cakephp\cakephp\src\Http\Middleware\CsrfProtectionMiddleware.php(124): Cake\Http\Runner->__invoke(Object(Cake\Http\ServerRequest), Object(Cake\Http\Response))
#11 C:\xampp\htdocs\ProyectoCake\vendor\cakephp\cakephp\src\Http\Runner.php(65): Cake\Http\Middleware\CsrfProtectionMiddleware->__invoke(Object(Cake\Http\ServerRequest), Object(Cake\Http\Response), Object(Cake\Http\Runner))
#12 C:\xampp\htdocs\ProyectoCake\vendor\cakephp\cakephp\src\Http\Runner.php(51): Cake\Http\Runner->__invoke(Object(Cake\Http\ServerRequest), Object(Cake\Http\Response))
#13 C:\xampp\htdocs\ProyectoCake\vendor\cakephp\cakephp\src\Routing\Middleware\RoutingMiddleware.php(170): Cake\Http\Runner->run(Object(Cake\Http\MiddlewareQueue), Object(Cake\Http\ServerRequest), Object(Cake\Http\Response))
#14 C:\xampp\htdocs\ProyectoCake\vendor\cakephp\cakephp\src\Http\Runner.php(65): Cake\Routing\Middleware\RoutingMiddleware->__invoke(Object(Cake\Http\ServerRequest), Object(Cake\Http\Response), Object(Cake\Http\Runner))
#15 C:\xampp\htdocs\ProyectoCake\vendor\cakephp\cakephp\src\Routing\Middleware\AssetMiddleware.php(88): Cake\Http\Runner->__invoke(Object(Cake\Http\ServerRequest), Object(Cake\Http\Response))
#16 C:\xampp\htdocs\ProyectoCake\vendor\cakephp\cakephp\src\Http\Runner.php(65): Cake\Routing\Middleware\AssetMiddleware->__invoke(Object(Cake\Http\ServerRequest), Object(Cake\Http\Response), Object(Cake\Http\Runner))
#17 C:\xampp\htdocs\ProyectoCake\vendor\cakephp\cakephp\src\Error\Middleware\ErrorHandlerMiddleware.php(96): Cake\Http\Runner->__invoke(Object(Cake\Http\ServerRequest), Object(Cake\Http\Response))
#18 C:\xampp\htdocs\ProyectoCake\vendor\cakephp\cakephp\src\Http\Runner.php(65): Cake\Error\Middleware\ErrorHandlerMiddleware->__invoke(Object(Cake\Http\ServerRequest), Object(Cake\Http\Response), Object(Cake\Http\Runner))
#19 C:\xampp\htdocs\ProyectoCake\vendor\cakephp\debug_kit\src\Middleware\DebugKitMiddleware.php(53): Cake\Http\Runner->__invoke(Object(Cake\Http\ServerRequest), Object(Cake\Http\Response))
#20 C:\xampp\htdocs\ProyectoCake\vendor\cakephp\cakephp\src\Http\Runner.php(65): DebugKit\Middleware\DebugKitMiddleware->__invoke(Object(Cake\Http\ServerRequest), Object(Cake\Http\Response), Object(Cake\Http\Runner))
#21 C:\xampp\htdocs\ProyectoCake\vendor\cakephp\cakephp\src\Http\Runner.php(51): Cake\Http\Runner->__invoke(Object(Cake\Http\ServerRequest), Object(Cake\Http\Response))
#22 C:\xampp\htdocs\ProyectoCake\vendor\cakephp\cakephp\src\Http\Server.php(97): Cake\Http\Runner->run(Object(Cake\Http\MiddlewareQueue), Object(Cake\Http\ServerRequest), Object(Cake\Http\Response))
#23 C:\xampp\htdocs\ProyectoCake\webroot\index.php(40): Cake\Http\Server->run()
#24 {main}
Request URL: /titles


2021-02-20 01:53:50 Error: [Cake\Datasource\Exception\InvalidPrimaryKeyException] Record not found in table "titles" with primary key ['10001'] (C:\xampp\htdocs\ProyectoCake\vendor\cakephp\cakephp\src\ORM\Table.php:1598)
#0 C:\xampp\htdocs\ProyectoCake\src\Controller\TitlesController.php(71): Cake\ORM\Table->get(Array, Array)
#1 C:\xampp\htdocs\ProyectoCake\vendor\cakephp\cakephp\src\Controller\Controller.php(609): App\Controller\TitlesController->edit('10001')
#2 C:\xampp\htdocs\ProyectoCake\vendor\cakephp\cakephp\src\Http\ActionDispatcher.php(120): Cake\Controller\Controller->invokeAction()
#3 C:\xampp\htdocs\ProyectoCake\vendor\cakephp\cakephp\src\Http\ActionDispatcher.php(94): Cake\Http\ActionDispatcher->_invoke(Object(App\Controller\TitlesController))
#4 C:\xampp\htdocs\ProyectoCake\vendor\cakephp\cakephp\src\Http\BaseApplication.php(234): Cake\Http\ActionDispatcher->dispatch(Object(Cake\Http\ServerRequest), Object(Cake\Http\Response))
#5 C:\xampp\htdocs\ProyectoCake\vendor\cakephp\cakephp\src\Http\Runner.php(65): Cake\Http\BaseApplication->__invoke(Object(Cake\Http\ServerRequest), Object(Cake\Http\Response), Object(Cake\Http\Runner))
#6 C:\xampp\htdocs\ProyectoCake\vendor\cakephp\cakephp\src\Http\Runner.php(65): Cake\Http\Runner->__invoke(Object(Cake\Http\ServerRequest), Object(Cake\Http\Response), Object(Cake\Http\Runner))
#7 C:\xampp\htdocs\ProyectoCake\vendor\cakephp\cakephp\src\Http\Middleware\CsrfProtectionMiddleware.php(124): Cake\Http\Runner->__invoke(Object(Cake\Http\ServerRequest), Object(Cake\Http\Response))
#8 C:\xampp\htdocs\ProyectoCake\vendor\cakephp\cakephp\src\Http\Runner.php(65): Cake\Http\Middleware\CsrfProtectionMiddleware->__invoke(Object(Cake\Http\ServerRequest), Object(Cake\Http\Response), Object(Cake\Http\Runner))
#9 C:\xampp\htdocs\ProyectoCake\vendor\cakephp\cakephp\src\Http\Runner.php(51): Cake\Http\Runner->__invoke(Object(Cake\Http\ServerRequest), Object(Cake\Http\Response))
#10 C:\xampp\htdocs\ProyectoCake\vendor\cakephp\cakephp\src\Routing\Middleware\RoutingMiddleware.php(170): Cake\Http\Runner->run(Object(Cake\Http\MiddlewareQueue), Object(Cake\Http\ServerRequest), Object(Cake\Http\Response))
#11 C:\xampp\htdocs\ProyectoCake\vendor\cakephp\cakephp\src\Http\Runner.php(65): Cake\Routing\Middleware\RoutingMiddleware->__invoke(Object(Cake\Http\ServerRequest), Object(Cake\Http\Response), Object(Cake\Http\Runner))
#12 C:\xampp\htdocs\ProyectoCake\vendor\cakephp\cakephp\src\Routing\Middleware\AssetMiddleware.php(88): Cake\Http\Runner->__invoke(Object(Cake\Http\ServerRequest), Object(Cake\Http\Response))
#13 C:\xampp\htdocs\ProyectoCake\vendor\cakephp\cakephp\src\Http\Runner.php(65): Cake\Routing\Middleware\AssetMiddleware->__invoke(Object(Cake\Http\ServerRequest), Object(Cake\Http\Response), Object(Cake\Http\Runner))
#14 C:\xampp\htdocs\ProyectoCake\vendor\cakephp\cakephp\src\Error\Middleware\ErrorHandlerMiddleware.php(96): Cake\Http\Runner->__invoke(Object(Cake\Http\ServerRequest), Object(Cake\Http\Response))
#15 C:\xampp\htdocs\ProyectoCake\vendor\cakephp\cakephp\src\Http\Runner.php(65): Cake\Error\Middleware\ErrorHandlerMiddleware->__invoke(Object(Cake\Http\ServerRequest), Object(Cake\Http\Response), Object(Cake\Http\Runner))
#16 C:\xampp\htdocs\ProyectoCake\vendor\cakephp\debug_kit\src\Middleware\DebugKitMiddleware.php(53): Cake\Http\Runner->__invoke(Object(Cake\Http\ServerRequest), Object(Cake\Http\Response))
#17 C:\xampp\htdocs\ProyectoCake\vendor\cakephp\cakephp\src\Http\Runner.php(65): DebugKit\Middleware\DebugKitMiddleware->__invoke(Object(Cake\Http\ServerRequest), Object(Cake\Http\Response), Object(Cake\Http\Runner))
#18 C:\xampp\htdocs\ProyectoCake\vendor\cakephp\cakephp\src\Http\Runner.php(51): Cake\Http\Runner->__invoke(Object(Cake\Http\ServerRequest), Object(Cake\Http\Response))
#19 C:\xampp\htdocs\ProyectoCake\vendor\cakephp\cakephp\src\Http\Server.php(97): Cake\Http\Runner->run(Object(Cake\Http\MiddlewareQueue), Object(Cake\Http\ServerRequest), Object(Cake\Http\Response))
#20 C:\xampp\htdocs\ProyectoCake\webroot\index.php(40): Cake\Http\Server->run()
#21 {main}
Request URL: /titles/edit/10001
Referer URL: http://localhost/ProyectoCake/titles/view/10001/Senior%20Engineer/1986-06-26


2021-02-20 01:56:46 Error: [Cake\Datasource\Exception\InvalidPrimaryKeyException] Record not found in table "titles" with primary key ['10001'] (C:\xampp\htdocs\ProyectoCake\vendor\cakephp\cakephp\src\ORM\Table.php:1598)
#0 C:\xampp\htdocs\ProyectoCake\src\Controller\TitlesController.php(71): Cake\ORM\Table->get(Array, Array)
#1 C:\xampp\htdocs\ProyectoCake\vendor\cakephp\cakephp\src\Controller\Controller.php(609): App\Controller\TitlesController->edit('10001', 'Senior Engineer', '1986-06-26')
#2 C:\xampp\htdocs\ProyectoCake\vendor\cakephp\cakephp\src\Http\ActionDispatcher.php(120): Cake\Controller\Controller->invokeAction()
#3 C:\xampp\htdocs\ProyectoCake\vendor\cakephp\cakephp\src\Http\ActionDispatcher.php(94): Cake\Http\ActionDispatcher->_invoke(Object(App\Controller\TitlesController))
#4 C:\xampp\htdocs\ProyectoCake\vendor\cakephp\cakephp\src\Http\BaseApplication.php(234): Cake\Http\ActionDispatcher->dispatch(Object(Cake\Http\ServerRequest), Object(Cake\Http\Response))
#5 C:\xampp\htdocs\ProyectoCake\vendor\cakephp\cakephp\src\Http\Runner.php(65): Cake\Http\BaseApplication->__invoke(Object(Cake\Http\ServerRequest), Object(Cake\Http\Response), Object(Cake\Http\Runner))
#6 C:\xampp\htdocs\ProyectoCake\vendor\cakephp\cakephp\src\Http\Runner.php(65): Cake\Http\Runner->__invoke(Object(Cake\Http\ServerRequest), Object(Cake\Http\Response), Object(Cake\Http\Runner))
#7 C:\xampp\htdocs\ProyectoCake\vendor\cakephp\cakephp\src\Http\Middleware\CsrfProtectionMiddleware.php(124): Cake\Http\Runner->__invoke(Object(Cake\Http\ServerRequest), Object(Cake\Http\Response))
#8 C:\xampp\htdocs\ProyectoCake\vendor\cakephp\cakephp\src\Http\Runner.php(65): Cake\Http\Middleware\CsrfProtectionMiddleware->__invoke(Object(Cake\Http\ServerRequest), Object(Cake\Http\Response), Object(Cake\Http\Runner))
#9 C:\xampp\htdocs\ProyectoCake\vendor\cakephp\cakephp\src\Http\Runner.php(51): Cake\Http\Runner->__invoke(Object(Cake\Http\ServerRequest), Object(Cake\Http\Response))
#10 C:\xampp\htdocs\ProyectoCake\vendor\cakephp\cakephp\src\Routing\Middleware\RoutingMiddleware.php(170): Cake\Http\Runner->run(Object(Cake\Http\MiddlewareQueue), Object(Cake\Http\ServerRequest), Object(Cake\Http\Response))
#11 C:\xampp\htdocs\ProyectoCake\vendor\cakephp\cakephp\src\Http\Runner.php(65): Cake\Routing\Middleware\RoutingMiddleware->__invoke(Object(Cake\Http\ServerRequest), Object(Cake\Http\Response), Object(Cake\Http\Runner))
#12 C:\xampp\htdocs\ProyectoCake\vendor\cakephp\cakephp\src\Routing\Middleware\AssetMiddleware.php(88): Cake\Http\Runner->__invoke(Object(Cake\Http\ServerRequest), Object(Cake\Http\Response))
#13 C:\xampp\htdocs\ProyectoCake\vendor\cakephp\cakephp\src\Http\Runner.php(65): Cake\Routing\Middleware\AssetMiddleware->__invoke(Object(Cake\Http\ServerRequest), Object(Cake\Http\Response), Object(Cake\Http\Runner))
#14 C:\xampp\htdocs\ProyectoCake\vendor\cakephp\cakephp\src\Error\Middleware\ErrorHandlerMiddleware.php(96): Cake\Http\Runner->__invoke(Object(Cake\Http\ServerRequest), Object(Cake\Http\Response))
#15 C:\xampp\htdocs\ProyectoCake\vendor\cakephp\cakephp\src\Http\Runner.php(65): Cake\Error\Middleware\ErrorHandlerMiddleware->__invoke(Object(Cake\Http\ServerRequest), Object(Cake\Http\Response), Object(Cake\Http\Runner))
#16 C:\xampp\htdocs\ProyectoCake\vendor\cakephp\debug_kit\src\Middleware\DebugKitMiddleware.php(53): Cake\Http\Runner->__invoke(Object(Cake\Http\ServerRequest), Object(Cake\Http\Response))
#17 C:\xampp\htdocs\ProyectoCake\vendor\cakephp\cakephp\src\Http\Runner.php(65): DebugKit\Middleware\DebugKitMiddleware->__invoke(Object(Cake\Http\ServerRequest), Object(Cake\Http\Response), Object(Cake\Http\Runner))
#18 C:\xampp\htdocs\ProyectoCake\vendor\cakephp\cakephp\src\Http\Runner.php(51): Cake\Http\Runner->__invoke(Object(Cake\Http\ServerRequest), Object(Cake\Http\Response))
#19 C:\xampp\htdocs\ProyectoCake\vendor\cakephp\cakephp\src\Http\Server.php(97): Cake\Http\Runner->run(Object(Cake\Http\MiddlewareQueue), Object(Cake\Http\ServerRequest), Object(Cake\Http\Response))
#20 C:\xampp\htdocs\ProyectoCake\webroot\index.php(40): Cake\Http\Server->run()
#21 {main}
Request URL: /titles/edit/10001/Senior%20Engineer/1986-06-26
Referer URL: http://localhost/ProyectoCake/titles/


2021-02-20 01:57:53 Error: [RuntimeException] Cannot insert row, some of the primary key values are missing. Got (, , ), expecting (emp_no, title, from_date) (C:\xampp\htdocs\ProyectoCake\vendor\cakephp\cakephp\src\ORM\Table.php:2117)
#0 C:\xampp\htdocs\ProyectoCake\vendor\cakephp\cakephp\src\ORM\Table.php(2021): Cake\ORM\Table->_insert(Object(App\Model\Entity\Title), Array)
#1 C:\xampp\htdocs\ProyectoCake\vendor\cakephp\cakephp\src\ORM\Table.php(1934): Cake\ORM\Table->_processSave(Object(App\Model\Entity\Title), Object(ArrayObject))
#2 C:\xampp\htdocs\ProyectoCake\vendor\cakephp\cakephp\src\ORM\Table.php(1639): Cake\ORM\Table->Cake\ORM\{closure}()
#3 C:\xampp\htdocs\ProyectoCake\vendor\cakephp\cakephp\src\Database\Connection.php(737): Cake\ORM\Table->Cake\ORM\{closure}(Object(Cake\Database\Connection))
#4 C:\xampp\htdocs\ProyectoCake\vendor\cakephp\cakephp\src\ORM\Table.php(1640): Cake\Database\Connection->transactional(Object(Closure))
#5 C:\xampp\htdocs\ProyectoCake\vendor\cakephp\cakephp\src\ORM\Table.php(1935): Cake\ORM\Table->_executeTransaction(Object(Closure), true)
#6 C:\xampp\htdocs\ProyectoCake\src\Controller\TitlesController.php(51): Cake\ORM\Table->save(Object(App\Model\Entity\Title))
#7 C:\xampp\htdocs\ProyectoCake\vendor\cakephp\cakephp\src\Controller\Controller.php(609): App\Controller\TitlesController->add()
#8 C:\xampp\htdocs\ProyectoCake\vendor\cakephp\cakephp\src\Http\ActionDispatcher.php(120): Cake\Controller\Controller->invokeAction()
#9 C:\xampp\htdocs\ProyectoCake\vendor\cakephp\cakephp\src\Http\ActionDispatcher.php(94): Cake\Http\ActionDispatcher->_invoke(Object(App\Controller\TitlesController))
#10 C:\xampp\htdocs\ProyectoCake\vendor\cakephp\cakephp\src\Http\BaseApplication.php(234): Cake\Http\ActionDispatcher->dispatch(Object(Cake\Http\ServerRequest), Object(Cake\Http\Response))
#11 C:\xampp\htdocs\ProyectoCake\vendor\cakephp\cakephp\src\Http\Runner.php(65): Cake\Http\BaseApplication->__invoke(Object(Cake\Http\ServerRequest), Object(Cake\Http\Response), Object(Cake\Http\Runner))
#12 C:\xampp\htdocs\ProyectoCake\vendor\cakephp\cakephp\src\Http\Runner.php(65): Cake\Http\Runner->__invoke(Object(Cake\Http\ServerRequest), Object(Cake\Http\Response), Object(Cake\Http\Runner))
#13 C:\xampp\htdocs\ProyectoCake\vendor\cakephp\cakephp\src\Http\Middleware\CsrfProtectionMiddleware.php(124): Cake\Http\Runner->__invoke(Object(Cake\Http\ServerRequest), Object(Cake\Http\Response))
#14 C:\xampp\htdocs\ProyectoCake\vendor\cakephp\cakephp\src\Http\Runner.php(65): Cake\Http\Middleware\CsrfProtectionMiddleware->__invoke(Object(Cake\Http\ServerRequest), Object(Cake\Http\Response), Object(Cake\Http\Runner))
#15 C:\xampp\htdocs\ProyectoCake\vendor\cakephp\cakephp\src\Http\Runner.php(51): Cake\Http\Runner->__invoke(Object(Cake\Http\ServerRequest), Object(Cake\Http\Response))
#16 C:\xampp\htdocs\ProyectoCake\vendor\cakephp\cakephp\src\Routing\Middleware\RoutingMiddleware.php(170): Cake\Http\Runner->run(Object(Cake\Http\MiddlewareQueue), Object(Cake\Http\ServerRequest), Object(Cake\Http\Response))
#17 C:\xampp\htdocs\ProyectoCake\vendor\cakephp\cakephp\src\Http\Runner.php(65): Cake\Routing\Middleware\RoutingMiddleware->__invoke(Object(Cake\Http\ServerRequest), Object(Cake\Http\Response), Object(Cake\Http\Runner))
#18 C:\xampp\htdocs\ProyectoCake\vendor\cakephp\cakephp\src\Routing\Middleware\AssetMiddleware.php(88): Cake\Http\Runner->__invoke(Object(Cake\Http\ServerRequest), Object(Cake\Http\Response))
#19 C:\xampp\htdocs\ProyectoCake\vendor\cakephp\cakephp\src\Http\Runner.php(65): Cake\Routing\Middleware\AssetMiddleware->__invoke(Object(Cake\Http\ServerRequest), Object(Cake\Http\Response), Object(Cake\Http\Runner))
#20 C:\xampp\htdocs\ProyectoCake\vendor\cakephp\cakephp\src\Error\Middleware\ErrorHandlerMiddleware.php(96): Cake\Http\Runner->__invoke(Object(Cake\Http\ServerRequest), Object(Cake\Http\Response))
#21 C:\xampp\htdocs\ProyectoCake\vendor\cakephp\cakephp\src\Http\Runner.php(65): Cake\Error\Middleware\ErrorHandlerMiddleware->__invoke(Object(Cake\Http\ServerRequest), Object(Cake\Http\Response), Object(Cake\Http\Runner))
#22 C:\xampp\htdocs\ProyectoCake\vendor\cakephp\debug_kit\src\Middleware\DebugKitMiddleware.php(53): Cake\Http\Runner->__invoke(Object(Cake\Http\ServerRequest), Object(Cake\Http\Response))
#23 C:\xampp\htdocs\ProyectoCake\vendor\cakephp\cakephp\src\Http\Runner.php(65): DebugKit\Middleware\DebugKitMiddleware->__invoke(Object(Cake\Http\ServerRequest), Object(Cake\Http\Response), Object(Cake\Http\Runner))
#24 C:\xampp\htdocs\ProyectoCake\vendor\cakephp\cakephp\src\Http\Runner.php(51): Cake\Http\Runner->__invoke(Object(Cake\Http\ServerRequest), Object(Cake\Http\Response))
#25 C:\xampp\htdocs\ProyectoCake\vendor\cakephp\cakephp\src\Http\Server.php(97): Cake\Http\Runner->run(Object(Cake\Http\MiddlewareQueue), Object(Cake\Http\ServerRequest), Object(Cake\Http\Response))
#26 C:\xampp\htdocs\ProyectoCake\webroot\index.php(40): Cake\Http\Server->run()
#27 {main}
Request URL: /titles/add
Referer URL: http://localhost/ProyectoCake/titles/add


2021-02-20 02:08:04 Error: [Cake\Datasource\Exception\RecordNotFoundException] Record not found in table "titles" (C:\xampp\htdocs\ProyectoCake\vendor\cakephp\cakephp\src\Datasource\QueryTrait.php:487)
#0 C:\xampp\htdocs\ProyectoCake\vendor\cakephp\cakephp\src\ORM\Table.php(1625): Cake\ORM\Query->firstOrFail()
#1 C:\xampp\htdocs\ProyectoCake\src\Controller\TitlesController.php(70): Cake\ORM\Table->get(Array)
#2 C:\xampp\htdocs\ProyectoCake\vendor\cakephp\cakephp\src\Controller\Controller.php(609): App\Controller\TitlesController->edit('10002', 'Staff', '1996-08-03')
#3 C:\xampp\htdocs\ProyectoCake\vendor\cakephp\cakephp\src\Http\ActionDispatcher.php(120): Cake\Controller\Controller->invokeAction()
#4 C:\xampp\htdocs\ProyectoCake\vendor\cakephp\cakephp\src\Http\ActionDispatcher.php(94): Cake\Http\ActionDispatcher->_invoke(Object(App\Controller\TitlesController))
#5 C:\xampp\htdocs\ProyectoCake\vendor\cakephp\cakephp\src\Http\BaseApplication.php(234): Cake\Http\ActionDispatcher->dispatch(Object(Cake\Http\ServerRequest), Object(Cake\Http\Response))
#6 C:\xampp\htdocs\ProyectoCake\vendor\cakephp\cakephp\src\Http\Runner.php(65): Cake\Http\BaseApplication->__invoke(Object(Cake\Http\ServerRequest), Object(Cake\Http\Response), Object(Cake\Http\Runner))
#7 C:\xampp\htdocs\ProyectoCake\vendor\cakephp\cakephp\src\Http\Runner.php(65): Cake\Http\Runner->__invoke(Object(Cake\Http\ServerRequest), Object(Cake\Http\Response), Object(Cake\Http\Runner))
#8 C:\xampp\htdocs\ProyectoCake\vendor\cakephp\cakephp\src\Http\Middleware\CsrfProtectionMiddleware.php(124): Cake\Http\Runner->__invoke(Object(Cake\Http\ServerRequest), Object(Cake\Http\Response))
#9 C:\xampp\htdocs\ProyectoCake\vendor\cakephp\cakephp\src\Http\Runner.php(65): Cake\Http\Middleware\CsrfProtectionMiddleware->__invoke(Object(Cake\Http\ServerRequest), Object(Cake\Http\Response), Object(Cake\Http\Runner))
#10 C:\xampp\htdocs\ProyectoCake\vendor\cakephp\cakephp\src\Http\Runner.php(51): Cake\Http\Runner->__invoke(Object(Cake\Http\ServerRequest), Object(Cake\Http\Response))
#11 C:\xampp\htdocs\ProyectoCake\vendor\cakephp\cakephp\src\Routing\Middleware\RoutingMiddleware.php(170): Cake\Http\Runner->run(Object(Cake\Http\MiddlewareQueue), Object(Cake\Http\ServerRequest), Object(Cake\Http\Response))
#12 C:\xampp\htdocs\ProyectoCake\vendor\cakephp\cakephp\src\Http\Runner.php(65): Cake\Routing\Middleware\RoutingMiddleware->__invoke(Object(Cake\Http\ServerRequest), Object(Cake\Http\Response), Object(Cake\Http\Runner))
#13 C:\xampp\htdocs\ProyectoCake\vendor\cakephp\cakephp\src\Routing\Middleware\AssetMiddleware.php(88): Cake\Http\Runner->__invoke(Object(Cake\Http\ServerRequest), Object(Cake\Http\Response))
#14 C:\xampp\htdocs\ProyectoCake\vendor\cakephp\cakephp\src\Http\Runner.php(65): Cake\Routing\Middleware\AssetMiddleware->__invoke(Object(Cake\Http\ServerRequest), Object(Cake\Http\Response), Object(Cake\Http\Runner))
#15 C:\xampp\htdocs\ProyectoCake\vendor\cakephp\cakephp\src\Error\Middleware\ErrorHandlerMiddleware.php(96): Cake\Http\Runner->__invoke(Object(Cake\Http\ServerRequest), Object(Cake\Http\Response))
#16 C:\xampp\htdocs\ProyectoCake\vendor\cakephp\cakephp\src\Http\Runner.php(65): Cake\Error\Middleware\ErrorHandlerMiddleware->__invoke(Object(Cake\Http\ServerRequest), Object(Cake\Http\Response), Object(Cake\Http\Runner))
#17 C:\xampp\htdocs\ProyectoCake\vendor\cakephp\debug_kit\src\Middleware\DebugKitMiddleware.php(53): Cake\Http\Runner->__invoke(Object(Cake\Http\ServerRequest), Object(Cake\Http\Response))
#18 C:\xampp\htdocs\ProyectoCake\vendor\cakephp\cakephp\src\Http\Runner.php(65): DebugKit\Middleware\DebugKitMiddleware->__invoke(Object(Cake\Http\ServerRequest), Object(Cake\Http\Response), Object(Cake\Http\Runner))
#19 C:\xampp\htdocs\ProyectoCake\vendor\cakephp\cakephp\src\Http\Runner.php(51): Cake\Http\Runner->__invoke(Object(Cake\Http\ServerRequest), Object(Cake\Http\Response))
#20 C:\xampp\htdocs\ProyectoCake\vendor\cakephp\cakephp\src\Http\Server.php(97): Cake\Http\Runner->run(Object(Cake\Http\MiddlewareQueue), Object(Cake\Http\ServerRequest), Object(Cake\Http\Response))
#21 C:\xampp\htdocs\ProyectoCake\webroot\index.php(40): Cake\Http\Server->run()
#22 {main}
Request URL: /titles/edit/10002/Staff/1996-08-03
Referer URL: http://localhost/ProyectoCake/titles/edit/10002/Staff/1996-08-03


2021-02-20 02:12:07 Error: [Cake\Datasource\Exception\RecordNotFoundException] Record not found in table "titles" (C:\xampp\htdocs\ProyectoCake\vendor\cakephp\cakephp\src\Datasource\QueryTrait.php:487)
#0 C:\xampp\htdocs\ProyectoCake\vendor\cakephp\cakephp\src\ORM\Table.php(1625): Cake\ORM\Query->firstOrFail()
#1 C:\xampp\htdocs\ProyectoCake\src\Controller\TitlesController.php(70): Cake\ORM\Table->get(Array)
#2 C:\xampp\htdocs\ProyectoCake\vendor\cakephp\cakephp\src\Controller\Controller.php(609): App\Controller\TitlesController->edit('10002', 'Staff', '1996-08-03')
#3 C:\xampp\htdocs\ProyectoCake\vendor\cakephp\cakephp\src\Http\ActionDispatcher.php(120): Cake\Controller\Controller->invokeAction()
#4 C:\xampp\htdocs\ProyectoCake\vendor\cakephp\cakephp\src\Http\ActionDispatcher.php(94): Cake\Http\ActionDispatcher->_invoke(Object(App\Controller\TitlesController))
#5 C:\xampp\htdocs\ProyectoCake\vendor\cakephp\cakephp\src\Http\BaseApplication.php(234): Cake\Http\ActionDispatcher->dispatch(Object(Cake\Http\ServerRequest), Object(Cake\Http\Response))
#6 C:\xampp\htdocs\ProyectoCake\vendor\cakephp\cakephp\src\Http\Runner.php(65): Cake\Http\BaseApplication->__invoke(Object(Cake\Http\ServerRequest), Object(Cake\Http\Response), Object(Cake\Http\Runner))
#7 C:\xampp\htdocs\ProyectoCake\vendor\cakephp\cakephp\src\Http\Runner.php(65): Cake\Http\Runner->__invoke(Object(Cake\Http\ServerRequest), Object(Cake\Http\Response), Object(Cake\Http\Runner))
#8 C:\xampp\htdocs\ProyectoCake\vendor\cakephp\cakephp\src\Http\Middleware\CsrfProtectionMiddleware.php(124): Cake\Http\Runner->__invoke(Object(Cake\Http\ServerRequest), Object(Cake\Http\Response))
#9 C:\xampp\htdocs\ProyectoCake\vendor\cakephp\cakephp\src\Http\Runner.php(65): Cake\Http\Middleware\CsrfProtectionMiddleware->__invoke(Object(Cake\Http\ServerRequest), Object(Cake\Http\Response), Object(Cake\Http\Runner))
#10 C:\xampp\htdocs\ProyectoCake\vendor\cakephp\cakephp\src\Http\Runner.php(51): Cake\Http\Runner->__invoke(Object(Cake\Http\ServerRequest), Object(Cake\Http\Response))
#11 C:\xampp\htdocs\ProyectoCake\vendor\cakephp\cakephp\src\Routing\Middleware\RoutingMiddleware.php(170): Cake\Http\Runner->run(Object(Cake\Http\MiddlewareQueue), Object(Cake\Http\ServerRequest), Object(Cake\Http\Response))
#12 C:\xampp\htdocs\ProyectoCake\vendor\cakephp\cakephp\src\Http\Runner.php(65): Cake\Routing\Middleware\RoutingMiddleware->__invoke(Object(Cake\Http\ServerRequest), Object(Cake\Http\Response), Object(Cake\Http\Runner))
#13 C:\xampp\htdocs\ProyectoCake\vendor\cakephp\cakephp\src\Routing\Middleware\AssetMiddleware.php(88): Cake\Http\Runner->__invoke(Object(Cake\Http\ServerRequest), Object(Cake\Http\Response))
#14 C:\xampp\htdocs\ProyectoCake\vendor\cakephp\cakephp\src\Http\Runner.php(65): Cake\Routing\Middleware\AssetMiddleware->__invoke(Object(Cake\Http\ServerRequest), Object(Cake\Http\Response), Object(Cake\Http\Runner))
#15 C:\xampp\htdocs\ProyectoCake\vendor\cakephp\cakephp\src\Error\Middleware\ErrorHandlerMiddleware.php(96): Cake\Http\Runner->__invoke(Object(Cake\Http\ServerRequest), Object(Cake\Http\Response))
#16 C:\xampp\htdocs\ProyectoCake\vendor\cakephp\cakephp\src\Http\Runner.php(65): Cake\Error\Middleware\ErrorHandlerMiddleware->__invoke(Object(Cake\Http\ServerRequest), Object(Cake\Http\Response), Object(Cake\Http\Runner))
#17 C:\xampp\htdocs\ProyectoCake\vendor\cakephp\debug_kit\src\Middleware\DebugKitMiddleware.php(53): Cake\Http\Runner->__invoke(Object(Cake\Http\ServerRequest), Object(Cake\Http\Response))
#18 C:\xampp\htdocs\ProyectoCake\vendor\cakephp\cakephp\src\Http\Runner.php(65): DebugKit\Middleware\DebugKitMiddleware->__invoke(Object(Cake\Http\ServerRequest), Object(Cake\Http\Response), Object(Cake\Http\Runner))
#19 C:\xampp\htdocs\ProyectoCake\vendor\cakephp\cakephp\src\Http\Runner.php(51): Cake\Http\Runner->__invoke(Object(Cake\Http\ServerRequest), Object(Cake\Http\Response))
#20 C:\xampp\htdocs\ProyectoCake\vendor\cakephp\cakephp\src\Http\Server.php(97): Cake\Http\Runner->run(Object(Cake\Http\MiddlewareQueue), Object(Cake\Http\ServerRequest), Object(Cake\Http\Response))
#21 C:\xampp\htdocs\ProyectoCake\webroot\index.php(40): Cake\Http\Server->run()
#22 {main}
Request URL: /titles/edit/10002/Staff/1996-08-03
Referer URL: http://localhost/ProyectoCake/titles


2021-02-20 02:12:18 Error: [InvalidArgumentException] Cannot get an empty property (C:\xampp\htdocs\ProyectoCake\vendor\cakephp\cakephp\src\Datasource\EntityTrait.php:283)
#0 C:\xampp\htdocs\ProyectoCake\vendor\cakephp\cakephp\src\Datasource\EntityTrait.php(135): Cake\ORM\Entity->get('')
#1 C:\xampp\htdocs\ProyectoCake\src\Template\Titles\edit.ctp(12): Cake\ORM\Entity->__get('')
#2 C:\xampp\htdocs\ProyectoCake\vendor\cakephp\cakephp\src\View\View.php(1420): include('C:\\xampp\\htdocs...')
#3 C:\xampp\htdocs\ProyectoCake\vendor\cakephp\cakephp\src\View\View.php(1381): Cake\View\View->_evaluate('C:\\xampp\\htdocs...', Array)
#4 C:\xampp\htdocs\ProyectoCake\vendor\cakephp\cakephp\src\View\View.php(879): Cake\View\View->_render('C:\\xampp\\htdocs...')
#5 C:\xampp\htdocs\ProyectoCake\vendor\cakephp\cakephp\src\Controller\Controller.php(795): Cake\View\View->render(NULL, NULL)
#6 C:\xampp\htdocs\ProyectoCake\vendor\cakephp\cakephp\src\Http\ActionDispatcher.php(126): Cake\Controller\Controller->render()
#7 C:\xampp\htdocs\ProyectoCake\vendor\cakephp\cakephp\src\Http\ActionDispatcher.php(94): Cake\Http\ActionDispatcher->_invoke(Object(App\Controller\TitlesController))
#8 C:\xampp\htdocs\ProyectoCake\vendor\cakephp\cakephp\src\Http\BaseApplication.php(234): Cake\Http\ActionDispatcher->dispatch(Object(Cake\Http\ServerRequest), Object(Cake\Http\Response))
#9 C:\xampp\htdocs\ProyectoCake\vendor\cakephp\cakephp\src\Http\Runner.php(65): Cake\Http\BaseApplication->__invoke(Object(Cake\Http\ServerRequest), Object(Cake\Http\Response), Object(Cake\Http\Runner))
#10 C:\xampp\htdocs\ProyectoCake\vendor\cakephp\cakephp\src\Http\Runner.php(65): Cake\Http\Runner->__invoke(Object(Cake\Http\ServerRequest), Object(Cake\Http\Response), Object(Cake\Http\Runner))
#11 C:\xampp\htdocs\ProyectoCake\vendor\cakephp\cakephp\src\Http\Middleware\CsrfProtectionMiddleware.php(124): Cake\Http\Runner->__invoke(Object(Cake\Http\ServerRequest), Object(Cake\Http\Response))
#12 C:\xampp\htdocs\ProyectoCake\vendor\cakephp\cakephp\src\Http\Runner.php(65): Cake\Http\Middleware\CsrfProtectionMiddleware->__invoke(Object(Cake\Http\ServerRequest), Object(Cake\Http\Response), Object(Cake\Http\Runner))
#13 C:\xampp\htdocs\ProyectoCake\vendor\cakephp\cakephp\src\Http\Runner.php(51): Cake\Http\Runner->__invoke(Object(Cake\Http\ServerRequest), Object(Cake\Http\Response))
#14 C:\xampp\htdocs\ProyectoCake\vendor\cakephp\cakephp\src\Routing\Middleware\RoutingMiddleware.php(170): Cake\Http\Runner->run(Object(Cake\Http\MiddlewareQueue), Object(Cake\Http\ServerRequest), Object(Cake\Http\Response))
#15 C:\xampp\htdocs\ProyectoCake\vendor\cakephp\cakephp\src\Http\Runner.php(65): Cake\Routing\Middleware\RoutingMiddleware->__invoke(Object(Cake\Http\ServerRequest), Object(Cake\Http\Response), Object(Cake\Http\Runner))
#16 C:\xampp\htdocs\ProyectoCake\vendor\cakephp\cakephp\src\Routing\Middleware\AssetMiddleware.php(88): Cake\Http\Runner->__invoke(Object(Cake\Http\ServerRequest), Object(Cake\Http\Response))
#17 C:\xampp\htdocs\ProyectoCake\vendor\cakephp\cakephp\src\Http\Runner.php(65): Cake\Routing\Middleware\AssetMiddleware->__invoke(Object(Cake\Http\ServerRequest), Object(Cake\Http\Response), Object(Cake\Http\Runner))
#18 C:\xampp\htdocs\ProyectoCake\vendor\cakephp\cakephp\src\Error\Middleware\ErrorHandlerMiddleware.php(96): Cake\Http\Runner->__invoke(Object(Cake\Http\ServerRequest), Object(Cake\Http\Response))
#19 C:\xampp\htdocs\ProyectoCake\vendor\cakephp\cakephp\src\Http\Runner.php(65): Cake\Error\Middleware\ErrorHandlerMiddleware->__invoke(Object(Cake\Http\ServerRequest), Object(Cake\Http\Response), Object(Cake\Http\Runner))
#20 C:\xampp\htdocs\ProyectoCake\vendor\cakephp\debug_kit\src\Middleware\DebugKitMiddleware.php(53): Cake\Http\Runner->__invoke(Object(Cake\Http\ServerRequest), Object(Cake\Http\Response))
#21 C:\xampp\htdocs\ProyectoCake\vendor\cakephp\cakephp\src\Http\Runner.php(65): DebugKit\Middleware\DebugKitMiddleware->__invoke(Object(Cake\Http\ServerRequest), Object(Cake\Http\Response), Object(Cake\Http\Runner))
#22 C:\xampp\htdocs\ProyectoCake\vendor\cakephp\cakephp\src\Http\Runner.php(51): Cake\Http\Runner->__invoke(Object(Cake\Http\ServerRequest), Object(Cake\Http\Response))
#23 C:\xampp\htdocs\ProyectoCake\vendor\cakephp\cakephp\src\Http\Server.php(97): Cake\Http\Runner->run(Object(Cake\Http\MiddlewareQueue), Object(Cake\Http\ServerRequest), Object(Cake\Http\Response))
#24 C:\xampp\htdocs\ProyectoCake\webroot\index.php(40): Cake\Http\Server->run()
#25 {main}
Request URL: /titles/edit/10003/Juan/2060-03-19
Referer URL: http://localhost/ProyectoCake/titles/


2021-02-21 01:02:14 Error: [Error] Class 'App\Model\Entity\DefaultPasswordHasher' not found (C:\xampp\htdocs\ProyectoCake\src\Model\Entity\Employee.php:39)
#0 C:\xampp\htdocs\ProyectoCake\vendor\cakephp\cakephp\src\Datasource\EntityTrait.php(265): App\Model\Entity\Employee->_setPassword('123456')
#1 C:\xampp\htdocs\ProyectoCake\vendor\cakephp\cakephp\src\ORM\Marshaller.php(602): Cake\ORM\Entity->set(Array)
#2 C:\xampp\htdocs\ProyectoCake\vendor\cakephp\cakephp\src\ORM\Table.php(2730): Cake\ORM\Marshaller->merge(Object(App\Model\Entity\Employee), Array, Array)
#3 C:\xampp\htdocs\ProyectoCake\src\Controller\EmployeesController.php(52): Cake\ORM\Table->patchEntity(Object(App\Model\Entity\Employee), Array)
#4 C:\xampp\htdocs\ProyectoCake\vendor\cakephp\cakephp\src\Controller\Controller.php(609): App\Controller\EmployeesController->add()
#5 C:\xampp\htdocs\ProyectoCake\vendor\cakephp\cakephp\src\Http\ActionDispatcher.php(120): Cake\Controller\Controller->invokeAction()
#6 C:\xampp\htdocs\ProyectoCake\vendor\cakephp\cakephp\src\Http\ActionDispatcher.php(94): Cake\Http\ActionDispatcher->_invoke(Object(App\Controller\EmployeesController))
#7 C:\xampp\htdocs\ProyectoCake\vendor\cakephp\cakephp\src\Http\BaseApplication.php(234): Cake\Http\ActionDispatcher->dispatch(Object(Cake\Http\ServerRequest), Object(Cake\Http\Response))
#8 C:\xampp\htdocs\ProyectoCake\vendor\cakephp\cakephp\src\Http\Runner.php(65): Cake\Http\BaseApplication->__invoke(Object(Cake\Http\ServerRequest), Object(Cake\Http\Response), Object(Cake\Http\Runner))
#9 C:\xampp\htdocs\ProyectoCake\vendor\cakephp\cakephp\src\Http\Runner.php(65): Cake\Http\Runner->__invoke(Object(Cake\Http\ServerRequest), Object(Cake\Http\Response), Object(Cake\Http\Runner))
#10 C:\xampp\htdocs\ProyectoCake\vendor\cakephp\cakephp\src\Http\Middleware\CsrfProtectionMiddleware.php(124): Cake\Http\Runner->__invoke(Object(Cake\Http\ServerRequest), Object(Cake\Http\Response))
#11 C:\xampp\htdocs\ProyectoCake\vendor\cakephp\cakephp\src\Http\Runner.php(65): Cake\Http\Middleware\CsrfProtectionMiddleware->__invoke(Object(Cake\Http\ServerRequest), Object(Cake\Http\Response), Object(Cake\Http\Runner))
#12 C:\xampp\htdocs\ProyectoCake\vendor\cakephp\cakephp\src\Http\Runner.php(51): Cake\Http\Runner->__invoke(Object(Cake\Http\ServerRequest), Object(Cake\Http\Response))
#13 C:\xampp\htdocs\ProyectoCake\vendor\cakephp\cakephp\src\Routing\Middleware\RoutingMiddleware.php(170): Cake\Http\Runner->run(Object(Cake\Http\MiddlewareQueue), Object(Cake\Http\ServerRequest), Object(Cake\Http\Response))
#14 C:\xampp\htdocs\ProyectoCake\vendor\cakephp\cakephp\src\Http\Runner.php(65): Cake\Routing\Middleware\RoutingMiddleware->__invoke(Object(Cake\Http\ServerRequest), Object(Cake\Http\Response), Object(Cake\Http\Runner))
#15 C:\xampp\htdocs\ProyectoCake\vendor\cakephp\cakephp\src\Routing\Middleware\AssetMiddleware.php(88): Cake\Http\Runner->__invoke(Object(Cake\Http\ServerRequest), Object(Cake\Http\Response))
#16 C:\xampp\htdocs\ProyectoCake\vendor\cakephp\cakephp\src\Http\Runner.php(65): Cake\Routing\Middleware\AssetMiddleware->__invoke(Object(Cake\Http\ServerRequest), Object(Cake\Http\Response), Object(Cake\Http\Runner))
#17 C:\xampp\htdocs\ProyectoCake\vendor\cakephp\cakephp\src\Error\Middleware\ErrorHandlerMiddleware.php(96): Cake\Http\Runner->__invoke(Object(Cake\Http\ServerRequest), Object(Cake\Http\Response))
#18 C:\xampp\htdocs\ProyectoCake\vendor\cakephp\cakephp\src\Http\Runner.php(65): Cake\Error\Middleware\ErrorHandlerMiddleware->__invoke(Object(Cake\Http\ServerRequest), Object(Cake\Http\Response), Object(Cake\Http\Runner))
#19 C:\xampp\htdocs\ProyectoCake\vendor\cakephp\debug_kit\src\Middleware\DebugKitMiddleware.php(53): Cake\Http\Runner->__invoke(Object(Cake\Http\ServerRequest), Object(Cake\Http\Response))
#20 C:\xampp\htdocs\ProyectoCake\vendor\cakephp\cakephp\src\Http\Runner.php(65): DebugKit\Middleware\DebugKitMiddleware->__invoke(Object(Cake\Http\ServerRequest), Object(Cake\Http\Response), Object(Cake\Http\Runner))
#21 C:\xampp\htdocs\ProyectoCake\vendor\cakephp\cakephp\src\Http\Runner.php(51): Cake\Http\Runner->__invoke(Object(Cake\Http\ServerRequest), Object(Cake\Http\Response))
#22 C:\xampp\htdocs\ProyectoCake\vendor\cakephp\cakephp\src\Http\Server.php(97): Cake\Http\Runner->run(Object(Cake\Http\MiddlewareQueue), Object(Cake\Http\ServerRequest), Object(Cake\Http\Response))
#23 C:\xampp\htdocs\ProyectoCake\webroot\index.php(40): Cake\Http\Server->run()
#24 {main}
Request URL: /employees/add
Referer URL: http://localhost/ProyectoCake/employees/add


2021-02-22 02:50:51 Error: [Error] Call to a member function format() on null (C:\xampp\htdocs\ProyectoCake\src\Template\Salaries\index.ctp:33)
#0 C:\xampp\htdocs\ProyectoCake\vendor\cakephp\cakephp\src\View\View.php(1420): include()
#1 C:\xampp\htdocs\ProyectoCake\vendor\cakephp\cakephp\src\View\View.php(1381): Cake\View\View->_evaluate('C:\\xampp\\htdocs...', Array)
#2 C:\xampp\htdocs\ProyectoCake\vendor\cakephp\cakephp\src\View\View.php(879): Cake\View\View->_render('C:\\xampp\\htdocs...')
#3 C:\xampp\htdocs\ProyectoCake\vendor\cakephp\cakephp\src\Controller\Controller.php(795): Cake\View\View->render(NULL, NULL)
#4 C:\xampp\htdocs\ProyectoCake\vendor\cakephp\cakephp\src\Http\ActionDispatcher.php(126): Cake\Controller\Controller->render()
#5 C:\xampp\htdocs\ProyectoCake\vendor\cakephp\cakephp\src\Http\ActionDispatcher.php(94): Cake\Http\ActionDispatcher->_invoke(Object(App\Controller\SalariesController))
#6 C:\xampp\htdocs\ProyectoCake\vendor\cakephp\cakephp\src\Http\BaseApplication.php(234): Cake\Http\ActionDispatcher->dispatch(Object(Cake\Http\ServerRequest), Object(Cake\Http\Response))
#7 C:\xampp\htdocs\ProyectoCake\vendor\cakephp\cakephp\src\Http\Runner.php(65): Cake\Http\BaseApplication->__invoke(Object(Cake\Http\ServerRequest), Object(Cake\Http\Response), Object(Cake\Http\Runner))
#8 C:\xampp\htdocs\ProyectoCake\vendor\cakephp\cakephp\src\Http\Runner.php(65): Cake\Http\Runner->__invoke(Object(Cake\Http\ServerRequest), Object(Cake\Http\Response), Object(Cake\Http\Runner))
#9 C:\xampp\htdocs\ProyectoCake\vendor\cakephp\cakephp\src\Http\Middleware\CsrfProtectionMiddleware.php(124): Cake\Http\Runner->__invoke(Object(Cake\Http\ServerRequest), Object(Cake\Http\Response))
#10 C:\xampp\htdocs\ProyectoCake\vendor\cakephp\cakephp\src\Http\Runner.php(65): Cake\Http\Middleware\CsrfProtectionMiddleware->__invoke(Object(Cake\Http\ServerRequest), Object(Cake\Http\Response), Object(Cake\Http\Runner))
#11 C:\xampp\htdocs\ProyectoCake\vendor\cakephp\cakephp\src\Http\Runner.php(51): Cake\Http\Runner->__invoke(Object(Cake\Http\ServerRequest), Object(Cake\Http\Response))
#12 C:\xampp\htdocs\ProyectoCake\vendor\cakephp\cakephp\src\Routing\Middleware\RoutingMiddleware.php(170): Cake\Http\Runner->run(Object(Cake\Http\MiddlewareQueue), Object(Cake\Http\ServerRequest), Object(Cake\Http\Response))
#13 C:\xampp\htdocs\ProyectoCake\vendor\cakephp\cakephp\src\Http\Runner.php(65): Cake\Routing\Middleware\RoutingMiddleware->__invoke(Object(Cake\Http\ServerRequest), Object(Cake\Http\Response), Object(Cake\Http\Runner))
#14 C:\xampp\htdocs\ProyectoCake\vendor\cakephp\cakephp\src\Routing\Middleware\AssetMiddleware.php(88): Cake\Http\Runner->__invoke(Object(Cake\Http\ServerRequest), Object(Cake\Http\Response))
#15 C:\xampp\htdocs\ProyectoCake\vendor\cakephp\cakephp\src\Http\Runner.php(65): Cake\Routing\Middleware\AssetMiddleware->__invoke(Object(Cake\Http\ServerRequest), Object(Cake\Http\Response), Object(Cake\Http\Runner))
#16 C:\xampp\htdocs\ProyectoCake\vendor\cakephp\cakephp\src\Error\Middleware\ErrorHandlerMiddleware.php(96): Cake\Http\Runner->__invoke(Object(Cake\Http\ServerRequest), Object(Cake\Http\Response))
#17 C:\xampp\htdocs\ProyectoCake\vendor\cakephp\cakephp\src\Http\Runner.php(65): Cake\Error\Middleware\ErrorHandlerMiddleware->__invoke(Object(Cake\Http\ServerRequest), Object(Cake\Http\Response), Object(Cake\Http\Runner))
#18 C:\xampp\htdocs\ProyectoCake\vendor\cakephp\debug_kit\src\Middleware\DebugKitMiddleware.php(53): Cake\Http\Runner->__invoke(Object(Cake\Http\ServerRequest), Object(Cake\Http\Response))
#19 C:\xampp\htdocs\ProyectoCake\vendor\cakephp\cakephp\src\Http\Runner.php(65): DebugKit\Middleware\DebugKitMiddleware->__invoke(Object(Cake\Http\ServerRequest), Object(Cake\Http\Response), Object(Cake\Http\Runner))
#20 C:\xampp\htdocs\ProyectoCake\vendor\cakephp\cakephp\src\Http\Runner.php(51): Cake\Http\Runner->__invoke(Object(Cake\Http\ServerRequest), Object(Cake\Http\Response))
#21 C:\xampp\htdocs\ProyectoCake\vendor\cakephp\cakephp\src\Http\Server.php(97): Cake\Http\Runner->run(Object(Cake\Http\MiddlewareQueue), Object(Cake\Http\ServerRequest), Object(Cake\Http\Response))
#22 C:\xampp\htdocs\ProyectoCake\webroot\index.php(40): Cake\Http\Server->run()
#23 {main}
Request URL: /salaries
Referer URL: http://localhost/ProyectoCake/employees


2021-02-22 02:51:15 Error: [Cake\Datasource\Exception\InvalidPrimaryKeyException] Record not found in table "salaries" with primary key [NULL] (C:\xampp\htdocs\ProyectoCake\vendor\cakephp\cakephp\src\ORM\Table.php:1598)
#0 C:\xampp\htdocs\ProyectoCake\src\Controller\SalariesController.php(37): Cake\ORM\Table->get(Array, Array)
#1 C:\xampp\htdocs\ProyectoCake\vendor\cakephp\cakephp\src\Controller\Controller.php(609): App\Controller\SalariesController->view()
#2 C:\xampp\htdocs\ProyectoCake\vendor\cakephp\cakephp\src\Http\ActionDispatcher.php(120): Cake\Controller\Controller->invokeAction()
#3 C:\xampp\htdocs\ProyectoCake\vendor\cakephp\cakephp\src\Http\ActionDispatcher.php(94): Cake\Http\ActionDispatcher->_invoke(Object(App\Controller\SalariesController))
#4 C:\xampp\htdocs\ProyectoCake\vendor\cakephp\cakephp\src\Http\BaseApplication.php(234): Cake\Http\ActionDispatcher->dispatch(Object(Cake\Http\ServerRequest), Object(Cake\Http\Response))
#5 C:\xampp\htdocs\ProyectoCake\vendor\cakephp\cakephp\src\Http\Runner.php(65): Cake\Http\BaseApplication->__invoke(Object(Cake\Http\ServerRequest), Object(Cake\Http\Response), Object(Cake\Http\Runner))
#6 C:\xampp\htdocs\ProyectoCake\vendor\cakephp\cakephp\src\Http\Runner.php(65): Cake\Http\Runner->__invoke(Object(Cake\Http\ServerRequest), Object(Cake\Http\Response), Object(Cake\Http\Runner))
#7 C:\xampp\htdocs\ProyectoCake\vendor\cakephp\cakephp\src\Http\Middleware\CsrfProtectionMiddleware.php(124): Cake\Http\Runner->__invoke(Object(Cake\Http\ServerRequest), Object(Cake\Http\Response))
#8 C:\xampp\htdocs\ProyectoCake\vendor\cakephp\cakephp\src\Http\Runner.php(65): Cake\Http\Middleware\CsrfProtectionMiddleware->__invoke(Object(Cake\Http\ServerRequest), Object(Cake\Http\Response), Object(Cake\Http\Runner))
#9 C:\xampp\htdocs\ProyectoCake\vendor\cakephp\cakephp\src\Http\Runner.php(51): Cake\Http\Runner->__invoke(Object(Cake\Http\ServerRequest), Object(Cake\Http\Response))
#10 C:\xampp\htdocs\ProyectoCake\vendor\cakephp\cakephp\src\Routing\Middleware\RoutingMiddleware.php(170): Cake\Http\Runner->run(Object(Cake\Http\MiddlewareQueue), Object(Cake\Http\ServerRequest), Object(Cake\Http\Response))
#11 C:\xampp\htdocs\ProyectoCake\vendor\cakephp\cakephp\src\Http\Runner.php(65): Cake\Routing\Middleware\RoutingMiddleware->__invoke(Object(Cake\Http\ServerRequest), Object(Cake\Http\Response), Object(Cake\Http\Runner))
#12 C:\xampp\htdocs\ProyectoCake\vendor\cakephp\cakephp\src\Routing\Middleware\AssetMiddleware.php(88): Cake\Http\Runner->__invoke(Object(Cake\Http\ServerRequest), Object(Cake\Http\Response))
#13 C:\xampp\htdocs\ProyectoCake\vendor\cakephp\cakephp\src\Http\Runner.php(65): Cake\Routing\Middleware\AssetMiddleware->__invoke(Object(Cake\Http\ServerRequest), Object(Cake\Http\Response), Object(Cake\Http\Runner))
#14 C:\xampp\htdocs\ProyectoCake\vendor\cakephp\cakephp\src\Error\Middleware\ErrorHandlerMiddleware.php(96): Cake\Http\Runner->__invoke(Object(Cake\Http\ServerRequest), Object(Cake\Http\Response))
#15 C:\xampp\htdocs\ProyectoCake\vendor\cakephp\cakephp\src\Http\Runner.php(65): Cake\Error\Middleware\ErrorHandlerMiddleware->__invoke(Object(Cake\Http\ServerRequest), Object(Cake\Http\Response), Object(Cake\Http\Runner))
#16 C:\xampp\htdocs\ProyectoCake\vendor\cakephp\debug_kit\src\Middleware\DebugKitMiddleware.php(53): Cake\Http\Runner->__invoke(Object(Cake\Http\ServerRequest), Object(Cake\Http\Response))
#17 C:\xampp\htdocs\ProyectoCake\vendor\cakephp\cakephp\src\Http\Runner.php(65): DebugKit\Middleware\DebugKitMiddleware->__invoke(Object(Cake\Http\ServerRequest), Object(Cake\Http\Response), Object(Cake\Http\Runner))
#18 C:\xampp\htdocs\ProyectoCake\vendor\cakephp\cakephp\src\Http\Runner.php(51): Cake\Http\Runner->__invoke(Object(Cake\Http\ServerRequest), Object(Cake\Http\Response))
#19 C:\xampp\htdocs\ProyectoCake\vendor\cakephp\cakephp\src\Http\Server.php(97): Cake\Http\Runner->run(Object(Cake\Http\MiddlewareQueue), Object(Cake\Http\ServerRequest), Object(Cake\Http\Response))
#20 C:\xampp\htdocs\ProyectoCake\webroot\index.php(40): Cake\Http\Server->run()
#21 {main}
Request URL: /salaries/view


2021-02-22 03:06:40 Error: [Cake\Datasource\Exception\RecordNotFoundException] Record not found in table "salaries" (C:\xampp\htdocs\ProyectoCake\vendor\cakephp\cakephp\src\Datasource\QueryTrait.php:487)
#0 C:\xampp\htdocs\ProyectoCake\vendor\cakephp\cakephp\src\ORM\Table.php(1625): Cake\ORM\Query->firstOrFail()
#1 C:\xampp\htdocs\ProyectoCake\src\Controller\SalariesController.php(36): Cake\ORM\Table->get(Array)
#2 C:\xampp\htdocs\ProyectoCake\vendor\cakephp\cakephp\src\Controller\Controller.php(609): App\Controller\SalariesController->view()
#3 C:\xampp\htdocs\ProyectoCake\vendor\cakephp\cakephp\src\Http\ActionDispatcher.php(120): Cake\Controller\Controller->invokeAction()
#4 C:\xampp\htdocs\ProyectoCake\vendor\cakephp\cakephp\src\Http\ActionDispatcher.php(94): Cake\Http\ActionDispatcher->_invoke(Object(App\Controller\SalariesController))
#5 C:\xampp\htdocs\ProyectoCake\vendor\cakephp\cakephp\src\Http\BaseApplication.php(234): Cake\Http\ActionDispatcher->dispatch(Object(Cake\Http\ServerRequest), Object(Cake\Http\Response))
#6 C:\xampp\htdocs\ProyectoCake\vendor\cakephp\cakephp\src\Http\Runner.php(65): Cake\Http\BaseApplication->__invoke(Object(Cake\Http\ServerRequest), Object(Cake\Http\Response), Object(Cake\Http\Runner))
#7 C:\xampp\htdocs\ProyectoCake\vendor\cakephp\cakephp\src\Http\Runner.php(65): Cake\Http\Runner->__invoke(Object(Cake\Http\ServerRequest), Object(Cake\Http\Response), Object(Cake\Http\Runner))
#8 C:\xampp\htdocs\ProyectoCake\vendor\cakephp\cakephp\src\Http\Middleware\CsrfProtectionMiddleware.php(124): Cake\Http\Runner->__invoke(Object(Cake\Http\ServerRequest), Object(Cake\Http\Response))
#9 C:\xampp\htdocs\ProyectoCake\vendor\cakephp\cakephp\src\Http\Runner.php(65): Cake\Http\Middleware\CsrfProtectionMiddleware->__invoke(Object(Cake\Http\ServerRequest), Object(Cake\Http\Response), Object(Cake\Http\Runner))
#10 C:\xampp\htdocs\ProyectoCake\vendor\cakephp\cakephp\src\Http\Runner.php(51): Cake\Http\Runner->__invoke(Object(Cake\Http\ServerRequest), Object(Cake\Http\Response))
#11 C:\xampp\htdocs\ProyectoCake\vendor\cakephp\cakephp\src\Routing\Middleware\RoutingMiddleware.php(170): Cake\Http\Runner->run(Object(Cake\Http\MiddlewareQueue), Object(Cake\Http\ServerRequest), Object(Cake\Http\Response))
#12 C:\xampp\htdocs\ProyectoCake\vendor\cakephp\cakephp\src\Http\Runner.php(65): Cake\Routing\Middleware\RoutingMiddleware->__invoke(Object(Cake\Http\ServerRequest), Object(Cake\Http\Response), Object(Cake\Http\Runner))
#13 C:\xampp\htdocs\ProyectoCake\vendor\cakephp\cakephp\src\Routing\Middleware\AssetMiddleware.php(88): Cake\Http\Runner->__invoke(Object(Cake\Http\ServerRequest), Object(Cake\Http\Response))
#14 C:\xampp\htdocs\ProyectoCake\vendor\cakephp\cakephp\src\Http\Runner.php(65): Cake\Routing\Middleware\AssetMiddleware->__invoke(Object(Cake\Http\ServerRequest), Object(Cake\Http\Response), Object(Cake\Http\Runner))
#15 C:\xampp\htdocs\ProyectoCake\vendor\cakephp\cakephp\src\Error\Middleware\ErrorHandlerMiddleware.php(96): Cake\Http\Runner->__invoke(Object(Cake\Http\ServerRequest), Object(Cake\Http\Response))
#16 C:\xampp\htdocs\ProyectoCake\vendor\cakephp\cakephp\src\Http\Runner.php(65): Cake\Error\Middleware\ErrorHandlerMiddleware->__invoke(Object(Cake\Http\ServerRequest), Object(Cake\Http\Response), Object(Cake\Http\Runner))
#17 C:\xampp\htdocs\ProyectoCake\vendor\cakephp\debug_kit\src\Middleware\DebugKitMiddleware.php(53): Cake\Http\Runner->__invoke(Object(Cake\Http\ServerRequest), Object(Cake\Http\Response))
#18 C:\xampp\htdocs\ProyectoCake\vendor\cakephp\cakephp\src\Http\Runner.php(65): DebugKit\Middleware\DebugKitMiddleware->__invoke(Object(Cake\Http\ServerRequest), Object(Cake\Http\Response), Object(Cake\Http\Runner))
#19 C:\xampp\htdocs\ProyectoCake\vendor\cakephp\cakephp\src\Http\Runner.php(51): Cake\Http\Runner->__invoke(Object(Cake\Http\ServerRequest), Object(Cake\Http\Response))
#20 C:\xampp\htdocs\ProyectoCake\vendor\cakephp\cakephp\src\Http\Server.php(97): Cake\Http\Runner->run(Object(Cake\Http\MiddlewareQueue), Object(Cake\Http\ServerRequest), Object(Cake\Http\Response))
#21 C:\xampp\htdocs\ProyectoCake\webroot\index.php(40): Cake\Http\Server->run()
#22 {main}
Request URL: /salaries/view


2021-02-22 03:09:21 Error: [Cake\Datasource\Exception\RecordNotFoundException] Record not found in table "salaries" (C:\xampp\htdocs\ProyectoCake\vendor\cakephp\cakephp\src\Datasource\QueryTrait.php:487)
#0 C:\xampp\htdocs\ProyectoCake\vendor\cakephp\cakephp\src\ORM\Table.php(1625): Cake\ORM\Query->firstOrFail()
#1 C:\xampp\htdocs\ProyectoCake\src\Controller\SalariesController.php(36): Cake\ORM\Table->get(Array)
#2 C:\xampp\htdocs\ProyectoCake\vendor\cakephp\cakephp\src\Controller\Controller.php(609): App\Controller\SalariesController->view()
#3 C:\xampp\htdocs\ProyectoCake\vendor\cakephp\cakephp\src\Http\ActionDispatcher.php(120): Cake\Controller\Controller->invokeAction()
#4 C:\xampp\htdocs\ProyectoCake\vendor\cakephp\cakephp\src\Http\ActionDispatcher.php(94): Cake\Http\ActionDispatcher->_invoke(Object(App\Controller\SalariesController))
#5 C:\xampp\htdocs\ProyectoCake\vendor\cakephp\cakephp\src\Http\BaseApplication.php(234): Cake\Http\ActionDispatcher->dispatch(Object(Cake\Http\ServerRequest), Object(Cake\Http\Response))
#6 C:\xampp\htdocs\ProyectoCake\vendor\cakephp\cakephp\src\Http\Runner.php(65): Cake\Http\BaseApplication->__invoke(Object(Cake\Http\ServerRequest), Object(Cake\Http\Response), Object(Cake\Http\Runner))
#7 C:\xampp\htdocs\ProyectoCake\vendor\cakephp\cakephp\src\Http\Runner.php(65): Cake\Http\Runner->__invoke(Object(Cake\Http\ServerRequest), Object(Cake\Http\Response), Object(Cake\Http\Runner))
#8 C:\xampp\htdocs\ProyectoCake\vendor\cakephp\cakephp\src\Http\Middleware\CsrfProtectionMiddleware.php(124): Cake\Http\Runner->__invoke(Object(Cake\Http\ServerRequest), Object(Cake\Http\Response))
#9 C:\xampp\htdocs\ProyectoCake\vendor\cakephp\cakephp\src\Http\Runner.php(65): Cake\Http\Middleware\CsrfProtectionMiddleware->__invoke(Object(Cake\Http\ServerRequest), Object(Cake\Http\Response), Object(Cake\Http\Runner))
#10 C:\xampp\htdocs\ProyectoCake\vendor\cakephp\cakephp\src\Http\Runner.php(51): Cake\Http\Runner->__invoke(Object(Cake\Http\ServerRequest), Object(Cake\Http\Response))
#11 C:\xampp\htdocs\ProyectoCake\vendor\cakephp\cakephp\src\Routing\Middleware\RoutingMiddleware.php(170): Cake\Http\Runner->run(Object(Cake\Http\MiddlewareQueue), Object(Cake\Http\ServerRequest), Object(Cake\Http\Response))
#12 C:\xampp\htdocs\ProyectoCake\vendor\cakephp\cakephp\src\Http\Runner.php(65): Cake\Routing\Middleware\RoutingMiddleware->__invoke(Object(Cake\Http\ServerRequest), Object(Cake\Http\Response), Object(Cake\Http\Runner))
#13 C:\xampp\htdocs\ProyectoCake\vendor\cakephp\cakephp\src\Routing\Middleware\AssetMiddleware.php(88): Cake\Http\Runner->__invoke(Object(Cake\Http\ServerRequest), Object(Cake\Http\Response))
#14 C:\xampp\htdocs\ProyectoCake\vendor\cakephp\cakephp\src\Http\Runner.php(65): Cake\Routing\Middleware\AssetMiddleware->__invoke(Object(Cake\Http\ServerRequest), Object(Cake\Http\Response), Object(Cake\Http\Runner))
#15 C:\xampp\htdocs\ProyectoCake\vendor\cakephp\cakephp\src\Error\Middleware\ErrorHandlerMiddleware.php(96): Cake\Http\Runner->__invoke(Object(Cake\Http\ServerRequest), Object(Cake\Http\Response))
#16 C:\xampp\htdocs\ProyectoCake\vendor\cakephp\cakephp\src\Http\Runner.php(65): Cake\Error\Middleware\ErrorHandlerMiddleware->__invoke(Object(Cake\Http\ServerRequest), Object(Cake\Http\Response), Object(Cake\Http\Runner))
#17 C:\xampp\htdocs\ProyectoCake\vendor\cakephp\debug_kit\src\Middleware\DebugKitMiddleware.php(53): Cake\Http\Runner->__invoke(Object(Cake\Http\ServerRequest), Object(Cake\Http\Response))
#18 C:\xampp\htdocs\ProyectoCake\vendor\cakephp\cakephp\src\Http\Runner.php(65): DebugKit\Middleware\DebugKitMiddleware->__invoke(Object(Cake\Http\ServerRequest), Object(Cake\Http\Response), Object(Cake\Http\Runner))
#19 C:\xampp\htdocs\ProyectoCake\vendor\cakephp\cakephp\src\Http\Runner.php(51): Cake\Http\Runner->__invoke(Object(Cake\Http\ServerRequest), Object(Cake\Http\Response))
#20 C:\xampp\htdocs\ProyectoCake\vendor\cakephp\cakephp\src\Http\Server.php(97): Cake\Http\Runner->run(Object(Cake\Http\MiddlewareQueue), Object(Cake\Http\ServerRequest), Object(Cake\Http\Response))
#21 C:\xampp\htdocs\ProyectoCake\webroot\index.php(40): Cake\Http\Server->run()
#22 {main}
Request URL: /salaries/view


2021-02-22 03:12:25 Error: [Cake\Datasource\Exception\RecordNotFoundException] Record not found in table "salaries" (C:\xampp\htdocs\ProyectoCake\vendor\cakephp\cakephp\src\Datasource\QueryTrait.php:487)
#0 C:\xampp\htdocs\ProyectoCake\vendor\cakephp\cakephp\src\ORM\Table.php(1625): Cake\ORM\Query->firstOrFail()
#1 C:\xampp\htdocs\ProyectoCake\src\Controller\SalariesController.php(36): Cake\ORM\Table->get(Array)
#2 C:\xampp\htdocs\ProyectoCake\vendor\cakephp\cakephp\src\Controller\Controller.php(609): App\Controller\SalariesController->view('10001')
#3 C:\xampp\htdocs\ProyectoCake\vendor\cakephp\cakephp\src\Http\ActionDispatcher.php(120): Cake\Controller\Controller->invokeAction()
#4 C:\xampp\htdocs\ProyectoCake\vendor\cakephp\cakephp\src\Http\ActionDispatcher.php(94): Cake\Http\ActionDispatcher->_invoke(Object(App\Controller\SalariesController))
#5 C:\xampp\htdocs\ProyectoCake\vendor\cakephp\cakephp\src\Http\BaseApplication.php(234): Cake\Http\ActionDispatcher->dispatch(Object(Cake\Http\ServerRequest), Object(Cake\Http\Response))
#6 C:\xampp\htdocs\ProyectoCake\vendor\cakephp\cakephp\src\Http\Runner.php(65): Cake\Http\BaseApplication->__invoke(Object(Cake\Http\ServerRequest), Object(Cake\Http\Response), Object(Cake\Http\Runner))
#7 C:\xampp\htdocs\ProyectoCake\vendor\cakephp\cakephp\src\Http\Runner.php(65): Cake\Http\Runner->__invoke(Object(Cake\Http\ServerRequest), Object(Cake\Http\Response), Object(Cake\Http\Runner))
#8 C:\xampp\htdocs\ProyectoCake\vendor\cakephp\cakephp\src\Http\Middleware\CsrfProtectionMiddleware.php(124): Cake\Http\Runner->__invoke(Object(Cake\Http\ServerRequest), Object(Cake\Http\Response))
#9 C:\xampp\htdocs\ProyectoCake\vendor\cakephp\cakephp\src\Http\Runner.php(65): Cake\Http\Middleware\CsrfProtectionMiddleware->__invoke(Object(Cake\Http\ServerRequest), Object(Cake\Http\Response), Object(Cake\Http\Runner))
#10 C:\xampp\htdocs\ProyectoCake\vendor\cakephp\cakephp\src\Http\Runner.php(51): Cake\Http\Runner->__invoke(Object(Cake\Http\ServerRequest), Object(Cake\Http\Response))
#11 C:\xampp\htdocs\ProyectoCake\vendor\cakephp\cakephp\src\Routing\Middleware\RoutingMiddleware.php(170): Cake\Http\Runner->run(Object(Cake\Http\MiddlewareQueue), Object(Cake\Http\ServerRequest), Object(Cake\Http\Response))
#12 C:\xampp\htdocs\ProyectoCake\vendor\cakephp\cakephp\src\Http\Runner.php(65): Cake\Routing\Middleware\RoutingMiddleware->__invoke(Object(Cake\Http\ServerRequest), Object(Cake\Http\Response), Object(Cake\Http\Runner))
#13 C:\xampp\htdocs\ProyectoCake\vendor\cakephp\cakephp\src\Routing\Middleware\AssetMiddleware.php(88): Cake\Http\Runner->__invoke(Object(Cake\Http\ServerRequest), Object(Cake\Http\Response))
#14 C:\xampp\htdocs\ProyectoCake\vendor\cakephp\cakephp\src\Http\Runner.php(65): Cake\Routing\Middleware\AssetMiddleware->__invoke(Object(Cake\Http\ServerRequest), Object(Cake\Http\Response), Object(Cake\Http\Runner))
#15 C:\xampp\htdocs\ProyectoCake\vendor\cakephp\cakephp\src\Error\Middleware\ErrorHandlerMiddleware.php(96): Cake\Http\Runner->__invoke(Object(Cake\Http\ServerRequest), Object(Cake\Http\Response))
#16 C:\xampp\htdocs\ProyectoCake\vendor\cakephp\cakephp\src\Http\Runner.php(65): Cake\Error\Middleware\ErrorHandlerMiddleware->__invoke(Object(Cake\Http\ServerRequest), Object(Cake\Http\Response), Object(Cake\Http\Runner))
#17 C:\xampp\htdocs\ProyectoCake\vendor\cakephp\debug_kit\src\Middleware\DebugKitMiddleware.php(53): Cake\Http\Runner->__invoke(Object(Cake\Http\ServerRequest), Object(Cake\Http\Response))
#18 C:\xampp\htdocs\ProyectoCake\vendor\cakephp\cakephp\src\Http\Runner.php(65): DebugKit\Middleware\DebugKitMiddleware->__invoke(Object(Cake\Http\ServerRequest), Object(Cake\Http\Response), Object(Cake\Http\Runner))
#19 C:\xampp\htdocs\ProyectoCake\vendor\cakephp\cakephp\src\Http\Runner.php(51): Cake\Http\Runner->__invoke(Object(Cake\Http\ServerRequest), Object(Cake\Http\Response))
#20 C:\xampp\htdocs\ProyectoCake\vendor\cakephp\cakephp\src\Http\Server.php(97): Cake\Http\Runner->run(Object(Cake\Http\MiddlewareQueue), Object(Cake\Http\ServerRequest), Object(Cake\Http\Response))
#21 C:\xampp\htdocs\ProyectoCake\webroot\index.php(40): Cake\Http\Server->run()
#22 {main}
Request URL: /salaries/view/10001


2021-02-22 03:12:37 Error: [Cake\Datasource\Exception\RecordNotFoundException] Record not found in table "salaries" (C:\xampp\htdocs\ProyectoCake\vendor\cakephp\cakephp\src\Datasource\QueryTrait.php:487)
#0 C:\xampp\htdocs\ProyectoCake\vendor\cakephp\cakephp\src\ORM\Table.php(1625): Cake\ORM\Query->firstOrFail()
#1 C:\xampp\htdocs\ProyectoCake\src\Controller\SalariesController.php(36): Cake\ORM\Table->get(Array)
#2 C:\xampp\htdocs\ProyectoCake\vendor\cakephp\cakephp\src\Controller\Controller.php(609): App\Controller\SalariesController->view('10001')
#3 C:\xampp\htdocs\ProyectoCake\vendor\cakephp\cakephp\src\Http\ActionDispatcher.php(120): Cake\Controller\Controller->invokeAction()
#4 C:\xampp\htdocs\ProyectoCake\vendor\cakephp\cakephp\src\Http\ActionDispatcher.php(94): Cake\Http\ActionDispatcher->_invoke(Object(App\Controller\SalariesController))
#5 C:\xampp\htdocs\ProyectoCake\vendor\cakephp\cakephp\src\Http\BaseApplication.php(234): Cake\Http\ActionDispatcher->dispatch(Object(Cake\Http\ServerRequest), Object(Cake\Http\Response))
#6 C:\xampp\htdocs\ProyectoCake\vendor\cakephp\cakephp\src\Http\Runner.php(65): Cake\Http\BaseApplication->__invoke(Object(Cake\Http\ServerRequest), Object(Cake\Http\Response), Object(Cake\Http\Runner))
#7 C:\xampp\htdocs\ProyectoCake\vendor\cakephp\cakephp\src\Http\Runner.php(65): Cake\Http\Runner->__invoke(Object(Cake\Http\ServerRequest), Object(Cake\Http\Response), Object(Cake\Http\Runner))
#8 C:\xampp\htdocs\ProyectoCake\vendor\cakephp\cakephp\src\Http\Middleware\CsrfProtectionMiddleware.php(124): Cake\Http\Runner->__invoke(Object(Cake\Http\ServerRequest), Object(Cake\Http\Response))
#9 C:\xampp\htdocs\ProyectoCake\vendor\cakephp\cakephp\src\Http\Runner.php(65): Cake\Http\Middleware\CsrfProtectionMiddleware->__invoke(Object(Cake\Http\ServerRequest), Object(Cake\Http\Response), Object(Cake\Http\Runner))
#10 C:\xampp\htdocs\ProyectoCake\vendor\cakephp\cakephp\src\Http\Runner.php(51): Cake\Http\Runner->__invoke(Object(Cake\Http\ServerRequest), Object(Cake\Http\Response))
#11 C:\xampp\htdocs\ProyectoCake\vendor\cakephp\cakephp\src\Routing\Middleware\RoutingMiddleware.php(170): Cake\Http\Runner->run(Object(Cake\Http\MiddlewareQueue), Object(Cake\Http\ServerRequest), Object(Cake\Http\Response))
#12 C:\xampp\htdocs\ProyectoCake\vendor\cakephp\cakephp\src\Http\Runner.php(65): Cake\Routing\Middleware\RoutingMiddleware->__invoke(Object(Cake\Http\ServerRequest), Object(Cake\Http\Response), Object(Cake\Http\Runner))
#13 C:\xampp\htdocs\ProyectoCake\vendor\cakephp\cakephp\src\Routing\Middleware\AssetMiddleware.php(88): Cake\Http\Runner->__invoke(Object(Cake\Http\ServerRequest), Object(Cake\Http\Response))
#14 C:\xampp\htdocs\ProyectoCake\vendor\cakephp\cakephp\src\Http\Runner.php(65): Cake\Routing\Middleware\AssetMiddleware->__invoke(Object(Cake\Http\ServerRequest), Object(Cake\Http\Response), Object(Cake\Http\Runner))
#15 C:\xampp\htdocs\ProyectoCake\vendor\cakephp\cakephp\src\Error\Middleware\ErrorHandlerMiddleware.php(96): Cake\Http\Runner->__invoke(Object(Cake\Http\ServerRequest), Object(Cake\Http\Response))
#16 C:\xampp\htdocs\ProyectoCake\vendor\cakephp\cakephp\src\Http\Runner.php(65): Cake\Error\Middleware\ErrorHandlerMiddleware->__invoke(Object(Cake\Http\ServerRequest), Object(Cake\Http\Response), Object(Cake\Http\Runner))
#17 C:\xampp\htdocs\ProyectoCake\vendor\cakephp\debug_kit\src\Middleware\DebugKitMiddleware.php(53): Cake\Http\Runner->__invoke(Object(Cake\Http\ServerRequest), Object(Cake\Http\Response))
#18 C:\xampp\htdocs\ProyectoCake\vendor\cakephp\cakephp\src\Http\Runner.php(65): DebugKit\Middleware\DebugKitMiddleware->__invoke(Object(Cake\Http\ServerRequest), Object(Cake\Http\Response), Object(Cake\Http\Runner))
#19 C:\xampp\htdocs\ProyectoCake\vendor\cakephp\cakephp\src\Http\Runner.php(51): Cake\Http\Runner->__invoke(Object(Cake\Http\ServerRequest), Object(Cake\Http\Response))
#20 C:\xampp\htdocs\ProyectoCake\vendor\cakephp\cakephp\src\Http\Server.php(97): Cake\Http\Runner->run(Object(Cake\Http\MiddlewareQueue), Object(Cake\Http\ServerRequest), Object(Cake\Http\Response))
#21 C:\xampp\htdocs\ProyectoCake\webroot\index.php(40): Cake\Http\Server->run()
#22 {main}
Request URL: /salaries/view/10001


2021-02-22 03:12:43 Error: [Cake\Datasource\Exception\RecordNotFoundException] Record not found in table "salaries" (C:\xampp\htdocs\ProyectoCake\vendor\cakephp\cakephp\src\Datasource\QueryTrait.php:487)
#0 C:\xampp\htdocs\ProyectoCake\vendor\cakephp\cakephp\src\ORM\Table.php(1625): Cake\ORM\Query->firstOrFail()
#1 C:\xampp\htdocs\ProyectoCake\src\Controller\SalariesController.php(36): Cake\ORM\Table->get(Array)
#2 C:\xampp\htdocs\ProyectoCake\vendor\cakephp\cakephp\src\Controller\Controller.php(609): App\Controller\SalariesController->view('0')
#3 C:\xampp\htdocs\ProyectoCake\vendor\cakephp\cakephp\src\Http\ActionDispatcher.php(120): Cake\Controller\Controller->invokeAction()
#4 C:\xampp\htdocs\ProyectoCake\vendor\cakephp\cakephp\src\Http\ActionDispatcher.php(94): Cake\Http\ActionDispatcher->_invoke(Object(App\Controller\SalariesController))
#5 C:\xampp\htdocs\ProyectoCake\vendor\cakephp\cakephp\src\Http\BaseApplication.php(234): Cake\Http\ActionDispatcher->dispatch(Object(Cake\Http\ServerRequest), Object(Cake\Http\Response))
#6 C:\xampp\htdocs\ProyectoCake\vendor\cakephp\cakephp\src\Http\Runner.php(65): Cake\Http\BaseApplication->__invoke(Object(Cake\Http\ServerRequest), Object(Cake\Http\Response), Object(Cake\Http\Runner))
#7 C:\xampp\htdocs\ProyectoCake\vendor\cakephp\cakephp\src\Http\Runner.php(65): Cake\Http\Runner->__invoke(Object(Cake\Http\ServerRequest), Object(Cake\Http\Response), Object(Cake\Http\Runner))
#8 C:\xampp\htdocs\ProyectoCake\vendor\cakephp\cakephp\src\Http\Middleware\CsrfProtectionMiddleware.php(124): Cake\Http\Runner->__invoke(Object(Cake\Http\ServerRequest), Object(Cake\Http\Response))
#9 C:\xampp\htdocs\ProyectoCake\vendor\cakephp\cakephp\src\Http\Runner.php(65): Cake\Http\Middleware\CsrfProtectionMiddleware->__invoke(Object(Cake\Http\ServerRequest), Object(Cake\Http\Response), Object(Cake\Http\Runner))
#10 C:\xampp\htdocs\ProyectoCake\vendor\cakephp\cakephp\src\Http\Runner.php(51): Cake\Http\Runner->__invoke(Object(Cake\Http\ServerRequest), Object(Cake\Http\Response))
#11 C:\xampp\htdocs\ProyectoCake\vendor\cakephp\cakephp\src\Routing\Middleware\RoutingMiddleware.php(170): Cake\Http\Runner->run(Object(Cake\Http\MiddlewareQueue), Object(Cake\Http\ServerRequest), Object(Cake\Http\Response))
#12 C:\xampp\htdocs\ProyectoCake\vendor\cakephp\cakephp\src\Http\Runner.php(65): Cake\Routing\Middleware\RoutingMiddleware->__invoke(Object(Cake\Http\ServerRequest), Object(Cake\Http\Response), Object(Cake\Http\Runner))
#13 C:\xampp\htdocs\ProyectoCake\vendor\cakephp\cakephp\src\Routing\Middleware\AssetMiddleware.php(88): Cake\Http\Runner->__invoke(Object(Cake\Http\ServerRequest), Object(Cake\Http\Response))
#14 C:\xampp\htdocs\ProyectoCake\vendor\cakephp\cakephp\src\Http\Runner.php(65): Cake\Routing\Middleware\AssetMiddleware->__invoke(Object(Cake\Http\ServerRequest), Object(Cake\Http\Response), Object(Cake\Http\Runner))
#15 C:\xampp\htdocs\ProyectoCake\vendor\cakephp\cakephp\src\Error\Middleware\ErrorHandlerMiddleware.php(96): Cake\Http\Runner->__invoke(Object(Cake\Http\ServerRequest), Object(Cake\Http\Response))
#16 C:\xampp\htdocs\ProyectoCake\vendor\cakephp\cakephp\src\Http\Runner.php(65): Cake\Error\Middleware\ErrorHandlerMiddleware->__invoke(Object(Cake\Http\ServerRequest), Object(Cake\Http\Response), Object(Cake\Http\Runner))
#17 C:\xampp\htdocs\ProyectoCake\vendor\cakephp\debug_kit\src\Middleware\DebugKitMiddleware.php(53): Cake\Http\Runner->__invoke(Object(Cake\Http\ServerRequest), Object(Cake\Http\Response))
#18 C:\xampp\htdocs\ProyectoCake\vendor\cakephp\cakephp\src\Http\Runner.php(65): DebugKit\Middleware\DebugKitMiddleware->__invoke(Object(Cake\Http\ServerRequest), Object(Cake\Http\Response), Object(Cake\Http\Runner))
#19 C:\xampp\htdocs\ProyectoCake\vendor\cakephp\cakephp\src\Http\Runner.php(51): Cake\Http\Runner->__invoke(Object(Cake\Http\ServerRequest), Object(Cake\Http\Response))
#20 C:\xampp\htdocs\ProyectoCake\vendor\cakephp\cakephp\src\Http\Server.php(97): Cake\Http\Runner->run(Object(Cake\Http\MiddlewareQueue), Object(Cake\Http\ServerRequest), Object(Cake\Http\Response))
#21 C:\xampp\htdocs\ProyectoCake\webroot\index.php(40): Cake\Http\Server->run()
#22 {main}
Request URL: /salaries/view/0


2021-02-22 03:34:20 Error: [PDOException] SQLSTATE[23000]: Integrity constraint violation: 1452 Cannot add or update a child row: a foreign key constraint fails (`employees`.`salaries`, CONSTRAINT `salaries_ibfk_1` FOREIGN KEY (`emp_no`) REFERENCES `employees` (`emp_no`) ON DELETE CASCADE) (C:\xampp\htdocs\ProyectoCake\vendor\cakephp\cakephp\src\Database\Statement\MysqlStatement.php:38)
#0 C:\xampp\htdocs\ProyectoCake\vendor\cakephp\cakephp\src\Database\Statement\MysqlStatement.php(38): PDOStatement->execute(NULL)
#1 C:\xampp\htdocs\ProyectoCake\vendor\cakephp\cakephp\src\Database\Statement\StatementDecorator.php(173): Cake\Database\Statement\MysqlStatement->execute(NULL)
#2 C:\xampp\htdocs\ProyectoCake\vendor\cakephp\cakephp\src\Database\Log\LoggingStatement.php(55): Cake\Database\Statement\StatementDecorator->execute(NULL)
#3 C:\xampp\htdocs\ProyectoCake\vendor\cakephp\cakephp\src\Database\Connection.php(333): Cake\Database\Log\LoggingStatement->execute()
#4 C:\xampp\htdocs\ProyectoCake\vendor\cakephp\cakephp\src\Core\Retry\CommandRetry.php(67): Cake\Database\Connection->Cake\Database\{closure}()
#5 C:\xampp\htdocs\ProyectoCake\vendor\cakephp\cakephp\src\Database\Connection.php(336): Cake\Core\Retry\CommandRetry->run(Object(Closure))
#6 C:\xampp\htdocs\ProyectoCake\vendor\cakephp\cakephp\src\Database\Query.php(218): Cake\Database\Connection->run(Object(Cake\ORM\Query))
#7 C:\xampp\htdocs\ProyectoCake\vendor\cakephp\cakephp\src\ORM\Table.php(2129): Cake\Database\Query->execute()
#8 C:\xampp\htdocs\ProyectoCake\vendor\cakephp\cakephp\src\ORM\Table.php(2021): Cake\ORM\Table->_insert(Object(App\Model\Entity\Salary), Array)
#9 C:\xampp\htdocs\ProyectoCake\vendor\cakephp\cakephp\src\ORM\Table.php(1934): Cake\ORM\Table->_processSave(Object(App\Model\Entity\Salary), Object(ArrayObject))
#10 C:\xampp\htdocs\ProyectoCake\vendor\cakephp\cakephp\src\ORM\Table.php(1639): Cake\ORM\Table->Cake\ORM\{closure}()
#11 C:\xampp\htdocs\ProyectoCake\vendor\cakephp\cakephp\src\Database\Connection.php(737): Cake\ORM\Table->Cake\ORM\{closure}(Object(Cake\Database\Connection))
#12 C:\xampp\htdocs\ProyectoCake\vendor\cakephp\cakephp\src\ORM\Table.php(1640): Cake\Database\Connection->transactional(Object(Closure))
#13 C:\xampp\htdocs\ProyectoCake\vendor\cakephp\cakephp\src\ORM\Table.php(1935): Cake\ORM\Table->_executeTransaction(Object(Closure), true)
#14 C:\xampp\htdocs\ProyectoCake\src\Controller\SalariesController.php(51): Cake\ORM\Table->save(Object(App\Model\Entity\Salary))
#15 C:\xampp\htdocs\ProyectoCake\vendor\cakephp\cakephp\src\Controller\Controller.php(609): App\Controller\SalariesController->add()
#16 C:\xampp\htdocs\ProyectoCake\vendor\cakephp\cakephp\src\Http\ActionDispatcher.php(120): Cake\Controller\Controller->invokeAction()
#17 C:\xampp\htdocs\ProyectoCake\vendor\cakephp\cakephp\src\Http\ActionDispatcher.php(94): Cake\Http\ActionDispatcher->_invoke(Object(App\Controller\SalariesController))
#18 C:\xampp\htdocs\ProyectoCake\vendor\cakephp\cakephp\src\Http\BaseApplication.php(234): Cake\Http\ActionDispatcher->dispatch(Object(Cake\Http\ServerRequest), Object(Cake\Http\Response))
#19 C:\xampp\htdocs\ProyectoCake\vendor\cakephp\cakephp\src\Http\Runner.php(65): Cake\Http\BaseApplication->__invoke(Object(Cake\Http\ServerRequest), Object(Cake\Http\Response), Object(Cake\Http\Runner))
#20 C:\xampp\htdocs\ProyectoCake\vendor\cakephp\cakephp\src\Http\Runner.php(65): Cake\Http\Runner->__invoke(Object(Cake\Http\ServerRequest), Object(Cake\Http\Response), Object(Cake\Http\Runner))
#21 C:\xampp\htdocs\ProyectoCake\vendor\cakephp\cakephp\src\Http\Middleware\CsrfProtectionMiddleware.php(124): Cake\Http\Runner->__invoke(Object(Cake\Http\ServerRequest), Object(Cake\Http\Response))
#22 C:\xampp\htdocs\ProyectoCake\vendor\cakephp\cakephp\src\Http\Runner.php(65): Cake\Http\Middleware\CsrfProtectionMiddleware->__invoke(Object(Cake\Http\ServerRequest), Object(Cake\Http\Response), Object(Cake\Http\Runner))
#23 C:\xampp\htdocs\ProyectoCake\vendor\cakephp\cakephp\src\Http\Runner.php(51): Cake\Http\Runner->__invoke(Object(Cake\Http\ServerRequest), Object(Cake\Http\Response))
#24 C:\xampp\htdocs\ProyectoCake\vendor\cakephp\cakephp\src\Routing\Middleware\RoutingMiddleware.php(170): Cake\Http\Runner->run(Object(Cake\Http\MiddlewareQueue), Object(Cake\Http\ServerRequest), Object(Cake\Http\Response))
#25 C:\xampp\htdocs\ProyectoCake\vendor\cakephp\cakephp\src\Http\Runner.php(65): Cake\Routing\Middleware\RoutingMiddleware->__invoke(Object(Cake\Http\ServerRequest), Object(Cake\Http\Response), Object(Cake\Http\Runner))
#26 C:\xampp\htdocs\ProyectoCake\vendor\cakephp\cakephp\src\Routing\Middleware\AssetMiddleware.php(88): Cake\Http\Runner->__invoke(Object(Cake\Http\ServerRequest), Object(Cake\Http\Response))
#27 C:\xampp\htdocs\ProyectoCake\vendor\cakephp\cakephp\src\Http\Runner.php(65): Cake\Routing\Middleware\AssetMiddleware->__invoke(Object(Cake\Http\ServerRequest), Object(Cake\Http\Response), Object(Cake\Http\Runner))
#28 C:\xampp\htdocs\ProyectoCake\vendor\cakephp\cakephp\src\Error\Middleware\ErrorHandlerMiddleware.php(96): Cake\Http\Runner->__invoke(Object(Cake\Http\ServerRequest), Object(Cake\Http\Response))
#29 C:\xampp\htdocs\ProyectoCake\vendor\cakephp\cakephp\src\Http\Runner.php(65): Cake\Error\Middleware\ErrorHandlerMiddleware->__invoke(Object(Cake\Http\ServerRequest), Object(Cake\Http\Response), Object(Cake\Http\Runner))
#30 C:\xampp\htdocs\ProyectoCake\vendor\cakephp\debug_kit\src\Middleware\DebugKitMiddleware.php(53): Cake\Http\Runner->__invoke(Object(Cake\Http\ServerRequest), Object(Cake\Http\Response))
#31 C:\xampp\htdocs\ProyectoCake\vendor\cakephp\cakephp\src\Http\Runner.php(65): DebugKit\Middleware\DebugKitMiddleware->__invoke(Object(Cake\Http\ServerRequest), Object(Cake\Http\Response), Object(Cake\Http\Runner))
#32 C:\xampp\htdocs\ProyectoCake\vendor\cakephp\cakephp\src\Http\Runner.php(51): Cake\Http\Runner->__invoke(Object(Cake\Http\ServerRequest), Object(Cake\Http\Response))
#33 C:\xampp\htdocs\ProyectoCake\vendor\cakephp\cakephp\src\Http\Server.php(97): Cake\Http\Runner->run(Object(Cake\Http\MiddlewareQueue), Object(Cake\Http\ServerRequest), Object(Cake\Http\Response))
#34 C:\xampp\htdocs\ProyectoCake\webroot\index.php(40): Cake\Http\Server->run()
#35 {main}
Request URL: /salaries/add
Referer URL: http://localhost/ProyectoCake/salaries/add


2021-02-22 04:59:35 Error: [Error] Call to undefined method Cake\Validation\Validator::isUnique() (C:\xampp\htdocs\ProyectoCake\src\Model\Table\EmployeesTable.php:48)
#0 C:\xampp\htdocs\ProyectoCake\vendor\cakephp\cakephp\src\Validation\ValidatorAwareTrait.php(177): App\Model\Table\EmployeesTable->validationDefault(Object(Cake\Validation\Validator))
#1 C:\xampp\htdocs\ProyectoCake\vendor\cakephp\cakephp\src\Validation\ValidatorAwareTrait.php(150): Cake\ORM\Table->createValidator('default')
#2 C:\xampp\htdocs\ProyectoCake\vendor\cakephp\cakephp\src\ORM\Marshaller.php(246): Cake\ORM\Table->getValidator()
#3 C:\xampp\htdocs\ProyectoCake\vendor\cakephp\cakephp\src\ORM\Marshaller.php(569): Cake\ORM\Marshaller->_validate(Array, Array, true)
#4 C:\xampp\htdocs\ProyectoCake\vendor\cakephp\cakephp\src\ORM\Table.php(2730): Cake\ORM\Marshaller->merge(Object(App\Model\Entity\Employee), Array, Array)
#5 C:\xampp\htdocs\ProyectoCake\src\Controller\EmployeesController.php(52): Cake\ORM\Table->patchEntity(Object(App\Model\Entity\Employee), Array)
#6 C:\xampp\htdocs\ProyectoCake\vendor\cakephp\cakephp\src\Controller\Controller.php(609): App\Controller\EmployeesController->add()
#7 C:\xampp\htdocs\ProyectoCake\vendor\cakephp\cakephp\src\Http\ActionDispatcher.php(120): Cake\Controller\Controller->invokeAction()
#8 C:\xampp\htdocs\ProyectoCake\vendor\cakephp\cakephp\src\Http\ActionDispatcher.php(94): Cake\Http\ActionDispatcher->_invoke(Object(App\Controller\EmployeesController))
#9 C:\xampp\htdocs\ProyectoCake\vendor\cakephp\cakephp\src\Http\BaseApplication.php(234): Cake\Http\ActionDispatcher->dispatch(Object(Cake\Http\ServerRequest), Object(Cake\Http\Response))
#10 C:\xampp\htdocs\ProyectoCake\vendor\cakephp\cakephp\src\Http\Runner.php(65): Cake\Http\BaseApplication->__invoke(Object(Cake\Http\ServerRequest), Object(Cake\Http\Response), Object(Cake\Http\Runner))
#11 C:\xampp\htdocs\ProyectoCake\vendor\cakephp\cakephp\src\Http\Runner.php(65): Cake\Http\Runner->__invoke(Object(Cake\Http\ServerRequest), Object(Cake\Http\Response), Object(Cake\Http\Runner))
#12 C:\xampp\htdocs\ProyectoCake\vendor\cakephp\cakephp\src\Http\Middleware\CsrfProtectionMiddleware.php(124): Cake\Http\Runner->__invoke(Object(Cake\Http\ServerRequest), Object(Cake\Http\Response))
#13 C:\xampp\htdocs\ProyectoCake\vendor\cakephp\cakephp\src\Http\Runner.php(65): Cake\Http\Middleware\CsrfProtectionMiddleware->__invoke(Object(Cake\Http\ServerRequest), Object(Cake\Http\Response), Object(Cake\Http\Runner))
#14 C:\xampp\htdocs\ProyectoCake\vendor\cakephp\cakephp\src\Http\Runner.php(51): Cake\Http\Runner->__invoke(Object(Cake\Http\ServerRequest), Object(Cake\Http\Response))
#15 C:\xampp\htdocs\ProyectoCake\vendor\cakephp\cakephp\src\Routing\Middleware\RoutingMiddleware.php(170): Cake\Http\Runner->run(Object(Cake\Http\MiddlewareQueue), Object(Cake\Http\ServerRequest), Object(Cake\Http\Response))
#16 C:\xampp\htdocs\ProyectoCake\vendor\cakephp\cakephp\src\Http\Runner.php(65): Cake\Routing\Middleware\RoutingMiddleware->__invoke(Object(Cake\Http\ServerRequest), Object(Cake\Http\Response), Object(Cake\Http\Runner))
#17 C:\xampp\htdocs\ProyectoCake\vendor\cakephp\cakephp\src\Routing\Middleware\AssetMiddleware.php(88): Cake\Http\Runner->__invoke(Object(Cake\Http\ServerRequest), Object(Cake\Http\Response))
#18 C:\xampp\htdocs\ProyectoCake\vendor\cakephp\cakephp\src\Http\Runner.php(65): Cake\Routing\Middleware\AssetMiddleware->__invoke(Object(Cake\Http\ServerRequest), Object(Cake\Http\Response), Object(Cake\Http\Runner))
#19 C:\xampp\htdocs\ProyectoCake\vendor\cakephp\cakephp\src\Error\Middleware\ErrorHandlerMiddleware.php(96): Cake\Http\Runner->__invoke(Object(Cake\Http\ServerRequest), Object(Cake\Http\Response))
#20 C:\xampp\htdocs\ProyectoCake\vendor\cakephp\cakephp\src\Http\Runner.php(65): Cake\Error\Middleware\ErrorHandlerMiddleware->__invoke(Object(Cake\Http\ServerRequest), Object(Cake\Http\Response), Object(Cake\Http\Runner))
#21 C:\xampp\htdocs\ProyectoCake\vendor\cakephp\debug_kit\src\Middleware\DebugKitMiddleware.php(53): Cake\Http\Runner->__invoke(Object(Cake\Http\ServerRequest), Object(Cake\Http\Response))
#22 C:\xampp\htdocs\ProyectoCake\vendor\cakephp\cakephp\src\Http\Runner.php(65): DebugKit\Middleware\DebugKitMiddleware->__invoke(Object(Cake\Http\ServerRequest), Object(Cake\Http\Response), Object(Cake\Http\Runner))
#23 C:\xampp\htdocs\ProyectoCake\vendor\cakephp\cakephp\src\Http\Runner.php(51): Cake\Http\Runner->__invoke(Object(Cake\Http\ServerRequest), Object(Cake\Http\Response))
#24 C:\xampp\htdocs\ProyectoCake\vendor\cakephp\cakephp\src\Http\Server.php(97): Cake\Http\Runner->run(Object(Cake\Http\MiddlewareQueue), Object(Cake\Http\ServerRequest), Object(Cake\Http\Response))
#25 C:\xampp\htdocs\ProyectoCake\webroot\index.php(40): Cake\Http\Server->run()
#26 {main}
Request URL: /employees/add
Referer URL: http://localhost/ProyectoCake/employees/add


2021-02-22 04:59:42 Error: [Error] Call to undefined method Cake\Validation\Validator::isUnique() (C:\xampp\htdocs\ProyectoCake\src\Model\Table\EmployeesTable.php:48)
#0 C:\xampp\htdocs\ProyectoCake\vendor\cakephp\cakephp\src\Validation\ValidatorAwareTrait.php(177): App\Model\Table\EmployeesTable->validationDefault(Object(Cake\Validation\Validator))
#1 C:\xampp\htdocs\ProyectoCake\vendor\cakephp\cakephp\src\Validation\ValidatorAwareTrait.php(150): Cake\ORM\Table->createValidator('default')
#2 C:\xampp\htdocs\ProyectoCake\vendor\cakephp\cakephp\src\View\Form\EntityContext.php(594): Cake\ORM\Table->getValidator('default')
#3 C:\xampp\htdocs\ProyectoCake\vendor\cakephp\cakephp\src\View\Form\EntityContext.php(505): Cake\View\Form\EntityContext->_getValidator(Array)
#4 C:\xampp\htdocs\ProyectoCake\vendor\cakephp\cakephp\src\View\Helper\FormHelper.php(1464): Cake\View\Form\EntityContext->getRequiredMessage('emp_no')
#5 C:\xampp\htdocs\ProyectoCake\vendor\cakephp\cakephp\src\View\Helper\FormHelper.php(1355): Cake\View\Helper\FormHelper->_magicOptions('emp_no', Array, true)
#6 C:\xampp\htdocs\ProyectoCake\vendor\cakephp\cakephp\src\View\Helper\FormHelper.php(1172): Cake\View\Helper\FormHelper->_parseOptions('emp_no', Array)
#7 C:\xampp\htdocs\ProyectoCake\src\Template\Employees\add.ctp(18): Cake\View\Helper\FormHelper->control('emp_no')
#8 C:\xampp\htdocs\ProyectoCake\vendor\cakephp\cakephp\src\View\View.php(1420): include('C:\\xampp\\htdocs...')
#9 C:\xampp\htdocs\ProyectoCake\vendor\cakephp\cakephp\src\View\View.php(1381): Cake\View\View->_evaluate('C:\\xampp\\htdocs...', Array)
#10 C:\xampp\htdocs\ProyectoCake\vendor\cakephp\cakephp\src\View\View.php(879): Cake\View\View->_render('C:\\xampp\\htdocs...')
#11 C:\xampp\htdocs\ProyectoCake\vendor\cakephp\cakephp\src\Controller\Controller.php(795): Cake\View\View->render(NULL, NULL)
#12 C:\xampp\htdocs\ProyectoCake\vendor\cakephp\cakephp\src\Http\ActionDispatcher.php(126): Cake\Controller\Controller->render()
#13 C:\xampp\htdocs\ProyectoCake\vendor\cakephp\cakephp\src\Http\ActionDispatcher.php(94): Cake\Http\ActionDispatcher->_invoke(Object(App\Controller\EmployeesController))
#14 C:\xampp\htdocs\ProyectoCake\vendor\cakephp\cakephp\src\Http\BaseApplication.php(234): Cake\Http\ActionDispatcher->dispatch(Object(Cake\Http\ServerRequest), Object(Cake\Http\Response))
#15 C:\xampp\htdocs\ProyectoCake\vendor\cakephp\cakephp\src\Http\Runner.php(65): Cake\Http\BaseApplication->__invoke(Object(Cake\Http\ServerRequest), Object(Cake\Http\Response), Object(Cake\Http\Runner))
#16 C:\xampp\htdocs\ProyectoCake\vendor\cakephp\cakephp\src\Http\Runner.php(65): Cake\Http\Runner->__invoke(Object(Cake\Http\ServerRequest), Object(Cake\Http\Response), Object(Cake\Http\Runner))
#17 C:\xampp\htdocs\ProyectoCake\vendor\cakephp\cakephp\src\Http\Middleware\CsrfProtectionMiddleware.php(124): Cake\Http\Runner->__invoke(Object(Cake\Http\ServerRequest), Object(Cake\Http\Response))
#18 C:\xampp\htdocs\ProyectoCake\vendor\cakephp\cakephp\src\Http\Runner.php(65): Cake\Http\Middleware\CsrfProtectionMiddleware->__invoke(Object(Cake\Http\ServerRequest), Object(Cake\Http\Response), Object(Cake\Http\Runner))
#19 C:\xampp\htdocs\ProyectoCake\vendor\cakephp\cakephp\src\Http\Runner.php(51): Cake\Http\Runner->__invoke(Object(Cake\Http\ServerRequest), Object(Cake\Http\Response))
#20 C:\xampp\htdocs\ProyectoCake\vendor\cakephp\cakephp\src\Routing\Middleware\RoutingMiddleware.php(170): Cake\Http\Runner->run(Object(Cake\Http\MiddlewareQueue), Object(Cake\Http\ServerRequest), Object(Cake\Http\Response))
#21 C:\xampp\htdocs\ProyectoCake\vendor\cakephp\cakephp\src\Http\Runner.php(65): Cake\Routing\Middleware\RoutingMiddleware->__invoke(Object(Cake\Http\ServerRequest), Object(Cake\Http\Response), Object(Cake\Http\Runner))
#22 C:\xampp\htdocs\ProyectoCake\vendor\cakephp\cakephp\src\Routing\Middleware\AssetMiddleware.php(88): Cake\Http\Runner->__invoke(Object(Cake\Http\ServerRequest), Object(Cake\Http\Response))
#23 C:\xampp\htdocs\ProyectoCake\vendor\cakephp\cakephp\src\Http\Runner.php(65): Cake\Routing\Middleware\AssetMiddleware->__invoke(Object(Cake\Http\ServerRequest), Object(Cake\Http\Response), Object(Cake\Http\Runner))
#24 C:\xampp\htdocs\ProyectoCake\vendor\cakephp\cakephp\src\Error\Middleware\ErrorHandlerMiddleware.php(96): Cake\Http\Runner->__invoke(Object(Cake\Http\ServerRequest), Object(Cake\Http\Response))
#25 C:\xampp\htdocs\ProyectoCake\vendor\cakephp\cakephp\src\Http\Runner.php(65): Cake\Error\Middleware\ErrorHandlerMiddleware->__invoke(Object(Cake\Http\ServerRequest), Object(Cake\Http\Response), Object(Cake\Http\Runner))
#26 C:\xampp\htdocs\ProyectoCake\vendor\cakephp\debug_kit\src\Middleware\DebugKitMiddleware.php(53): Cake\Http\Runner->__invoke(Object(Cake\Http\ServerRequest), Object(Cake\Http\Response))
#27 C:\xampp\htdocs\ProyectoCake\vendor\cakephp\cakephp\src\Http\Runner.php(65): DebugKit\Middleware\DebugKitMiddleware->__invoke(Object(Cake\Http\ServerRequest), Object(Cake\Http\Response), Object(Cake\Http\Runner))
#28 C:\xampp\htdocs\ProyectoCake\vendor\cakephp\cakephp\src\Http\Runner.php(51): Cake\Http\Runner->__invoke(Object(Cake\Http\ServerRequest), Object(Cake\Http\Response))
#29 C:\xampp\htdocs\ProyectoCake\vendor\cakephp\cakephp\src\Http\Server.php(97): Cake\Http\Runner->run(Object(Cake\Http\MiddlewareQueue), Object(Cake\Http\ServerRequest), Object(Cake\Http\Response))
#30 C:\xampp\htdocs\ProyectoCake\webroot\index.php(40): Cake\Http\Server->run()
#31 {main}
Request URL: /employees/add
Referer URL: http://localhost/ProyectoCake/employees


2021-02-22 04:59:47 Error: [Cake\Controller\Exception\MissingActionException] Action EmployeesController::ad() could not be found, or is not accessible. (C:\xampp\htdocs\ProyectoCake\vendor\cakephp\cakephp\src\Controller\Controller.php:599)
Exception Attributes: array (
  'controller' => 'EmployeesController',
  'action' => 'ad',
  'prefix' => '',
  'plugin' => false,
)
#0 C:\xampp\htdocs\ProyectoCake\vendor\cakephp\cakephp\src\Http\ActionDispatcher.php(120): Cake\Controller\Controller->invokeAction()
#1 C:\xampp\htdocs\ProyectoCake\vendor\cakephp\cakephp\src\Http\ActionDispatcher.php(94): Cake\Http\ActionDispatcher->_invoke(Object(App\Controller\EmployeesController))
#2 C:\xampp\htdocs\ProyectoCake\vendor\cakephp\cakephp\src\Http\BaseApplication.php(234): Cake\Http\ActionDispatcher->dispatch(Object(Cake\Http\ServerRequest), Object(Cake\Http\Response))
#3 C:\xampp\htdocs\ProyectoCake\vendor\cakephp\cakephp\src\Http\Runner.php(65): Cake\Http\BaseApplication->__invoke(Object(Cake\Http\ServerRequest), Object(Cake\Http\Response), Object(Cake\Http\Runner))
#4 C:\xampp\htdocs\ProyectoCake\vendor\cakephp\cakephp\src\Http\Runner.php(65): Cake\Http\Runner->__invoke(Object(Cake\Http\ServerRequest), Object(Cake\Http\Response), Object(Cake\Http\Runner))
#5 C:\xampp\htdocs\ProyectoCake\vendor\cakephp\cakephp\src\Http\Middleware\CsrfProtectionMiddleware.php(124): Cake\Http\Runner->__invoke(Object(Cake\Http\ServerRequest), Object(Cake\Http\Response))
#6 C:\xampp\htdocs\ProyectoCake\vendor\cakephp\cakephp\src\Http\Runner.php(65): Cake\Http\Middleware\CsrfProtectionMiddleware->__invoke(Object(Cake\Http\ServerRequest), Object(Cake\Http\Response), Object(Cake\Http\Runner))
#7 C:\xampp\htdocs\ProyectoCake\vendor\cakephp\cakephp\src\Http\Runner.php(51): Cake\Http\Runner->__invoke(Object(Cake\Http\ServerRequest), Object(Cake\Http\Response))
#8 C:\xampp\htdocs\ProyectoCake\vendor\cakephp\cakephp\src\Routing\Middleware\RoutingMiddleware.php(170): Cake\Http\Runner->run(Object(Cake\Http\MiddlewareQueue), Object(Cake\Http\ServerRequest), Object(Cake\Http\Response))
#9 C:\xampp\htdocs\ProyectoCake\vendor\cakephp\cakephp\src\Http\Runner.php(65): Cake\Routing\Middleware\RoutingMiddleware->__invoke(Object(Cake\Http\ServerRequest), Object(Cake\Http\Response), Object(Cake\Http\Runner))
#10 C:\xampp\htdocs\ProyectoCake\vendor\cakephp\cakephp\src\Routing\Middleware\AssetMiddleware.php(88): Cake\Http\Runner->__invoke(Object(Cake\Http\ServerRequest), Object(Cake\Http\Response))
#11 C:\xampp\htdocs\ProyectoCake\vendor\cakephp\cakephp\src\Http\Runner.php(65): Cake\Routing\Middleware\AssetMiddleware->__invoke(Object(Cake\Http\ServerRequest), Object(Cake\Http\Response), Object(Cake\Http\Runner))
#12 C:\xampp\htdocs\ProyectoCake\vendor\cakephp\cakephp\src\Error\Middleware\ErrorHandlerMiddleware.php(96): Cake\Http\Runner->__invoke(Object(Cake\Http\ServerRequest), Object(Cake\Http\Response))
#13 C:\xampp\htdocs\ProyectoCake\vendor\cakephp\cakephp\src\Http\Runner.php(65): Cake\Error\Middleware\ErrorHandlerMiddleware->__invoke(Object(Cake\Http\ServerRequest), Object(Cake\Http\Response), Object(Cake\Http\Runner))
#14 C:\xampp\htdocs\ProyectoCake\vendor\cakephp\debug_kit\src\Middleware\DebugKitMiddleware.php(53): Cake\Http\Runner->__invoke(Object(Cake\Http\ServerRequest), Object(Cake\Http\Response))
#15 C:\xampp\htdocs\ProyectoCake\vendor\cakephp\cakephp\src\Http\Runner.php(65): DebugKit\Middleware\DebugKitMiddleware->__invoke(Object(Cake\Http\ServerRequest), Object(Cake\Http\Response), Object(Cake\Http\Runner))
#16 C:\xampp\htdocs\ProyectoCake\vendor\cakephp\cakephp\src\Http\Runner.php(51): Cake\Http\Runner->__invoke(Object(Cake\Http\ServerRequest), Object(Cake\Http\Response))
#17 C:\xampp\htdocs\ProyectoCake\vendor\cakephp\cakephp\src\Http\Server.php(97): Cake\Http\Runner->run(Object(Cake\Http\MiddlewareQueue), Object(Cake\Http\ServerRequest), Object(Cake\Http\Response))
#18 C:\xampp\htdocs\ProyectoCake\webroot\index.php(40): Cake\Http\Server->run()
#19 {main}
Request URL: /employees/ad


